#
# A fatal error has been detected by the Java Runtime Environment:
#
#  Internal Error (vmThread.cpp:733), pid=14454, tid=14473
#  fatal error: Nested VM operation CollectForMetadataAllocation requested by operation ChangeBreakpoints
#
# JRE version: OpenJDK Runtime Environment (11.0.7+10) (build 11.0.7+10-post-Ubuntu-2ubuntu218.04)
# Java VM: OpenJDK 64-Bit Server VM (11.0.7+10-post-Ubuntu-2ubuntu218.04, mixed mode, sharing, tiered, compressed oops, g1 gc, linux-amd64)
# Core dump will be written. Default location: Core dumps may be processed with "/usr/share/apport/apport %p %s %c %d %P %E" (or dumping to /home/grave13/forAnyTest/stocks/core.14454)
#
# If you would like to submit a bug report, please visit:
#   https://bugs.launchpad.net/ubuntu/+source/openjdk-lts
#

---------------  S U M M A R Y ------------

Command Line: -agentlib:jdwp=transport=dt_socket,address=127.0.0.1:49813,suspend=y,server=n -XX:TieredStopAtLevel=1 -Xverify:none -Dspring.output.ansi.enabled=always -Dcom.sun.management.jmxremote -Dspring.jmx.enabled=true -Dspring.liveBeansView.mbeanDomain -Dspring.application.admin.enabled=true -javaagent:/snap/intellij-idea-ultimate/222/plugins/java/lib/rt/debugger-agent.jar -Dfile.encoding=UTF-8 com.stocks.dev.stocks.StocksApplication

Host: Intel(R) Core(TM) i7-5500U CPU @ 2.40GHz, 4 cores, 7G, Ubuntu 18.04.4 LTS
Time: Wed May 27 12:34:27 2020 EEST elapsed time: 3 seconds (0d 0h 0m 3s)

---------------  T H R E A D  ---------------

Current thread (0x00007f9648179000):  VMThread "VM Thread" [stack: 0x00007f9624030000,0x00007f9624130000] [id=14473]

Stack: [0x00007f9624030000,0x00007f9624130000],  sp=0x00007f962412e200,  free space=1016k
Native frames: (J=compiled Java code, A=aot compiled Java code, j=interpreted, Vv=VM code, C=native code)
V  [libjvm.so+0xdf8009]
V  [libjvm.so+0xdf8c5f]
V  [libjvm.so+0x6513fa]
V  [libjvm.so+0xe004e3]
V  [libjvm.so+0x5cdd9d]
V  [libjvm.so+0xb3ac2e]
V  [libjvm.so+0xb552cb]
V  [libjvm.so+0xb51723]
V  [libjvm.so+0xb51feb]
V  [libjvm.so+0x9e0820]
V  [libjvm.so+0xdfa8d8]
V  [libjvm.so+0xe00a96]
V  [libjvm.so+0xe00fa0]
V  [libjvm.so+0xe01423]
V  [libjvm.so+0xd85acf]
V  [libjvm.so+0xbd59de]

VM_Operation (0x00007f960eb05900): ChangeBreakpoints, mode: safepoint, requested by thread 0x00007f96481e1000


---------------  P R O C E S S  ---------------

Threads class SMR info:
_java_thread_list=0x00007f95b0007670, length=18, elements={
0x00007f964801b000, 0x00007f964817c000, 0x00007f964817e000, 0x00007f9648183800,
0x00007f9648185800, 0x00007f9648187800, 0x00007f964819e000, 0x00007f96481e1000,
0x00007f96481e5000, 0x00007f95f4001800, 0x00007f9648615800, 0x00007f96486db000,
0x00007f9648954800, 0x00007f95d4003000, 0x00007f9604001000, 0x00007f95dc002000,
0x00007f95b8027000, 0x00007f95dc004000
}

Java Threads: ( => current thread )
  0x00007f964801b000 JavaThread "main" [_thread_blocked, id=14460, stack(0x00007f964fa6e000,0x00007f964fb6f000)]
  0x00007f964817c000 JavaThread "Reference Handler" daemon [_thread_blocked, id=14474, stack(0x00007f960feff000,0x00007f9610000000)]
  0x00007f964817e000 JavaThread "Finalizer" daemon [_thread_blocked, id=14475, stack(0x00007f960fdfe000,0x00007f960feff000)]
  0x00007f9648183800 JavaThread "Signal Dispatcher" daemon [_thread_blocked, id=14476, stack(0x00007f960f010000,0x00007f960f111000)]
  0x00007f9648185800 JavaThread "C1 CompilerThread0" daemon [_thread_blocked, id=14477, stack(0x00007f960ef0f000,0x00007f960f010000)]
  0x00007f9648187800 JavaThread "Sweeper thread" daemon [_thread_blocked, id=14478, stack(0x00007f960ee0e000,0x00007f960ef0f000)]
  0x00007f964819e000 JavaThread "Common-Cleaner" daemon [_thread_blocked, id=14483, stack(0x00007f960ed0d000,0x00007f960ee0e000)]
  0x00007f96481e1000 JavaThread "JDWP Transport Listener: dt_socket" daemon [_thread_blocked, id=14484, stack(0x00007f960ea06000,0x00007f960eb07000)]
  0x00007f96481e5000 JavaThread "JDWP Event Helper Thread" daemon [_thread_blocked, id=14487, stack(0x00007f960e905000,0x00007f960ea06000)]
  0x00007f95f4001800 JavaThread "JDWP Command Reader" daemon [_thread_in_native, id=14488, stack(0x00007f960e804000,0x00007f960e905000)]
  0x00007f9648615800 JavaThread "Service Thread" daemon [_thread_blocked, id=14489, stack(0x00007f960e2db000,0x00007f960e3dc000)]
  0x00007f96486db000 JavaThread "RMI TCP Accept-0" daemon [_thread_in_native, id=14497, stack(0x00007f960d9c8000,0x00007f960dac9000)]
  0x00007f9648954800 JavaThread "Thread-0" [_thread_blocked, id=14503, stack(0x00007f960d7c5000,0x00007f960d8c6000)]
  0x00007f95d4003000 JavaThread "restartedMain" [_thread_blocked, id=14504, stack(0x00007f960d6c4000,0x00007f960d7c5000)]
  0x00007f9604001000 JavaThread "Attach Listener" daemon [_thread_blocked, id=14507, stack(0x00007f960d3c0000,0x00007f960d4c1000)]
  0x00007f95dc002000 JavaThread "RMI TCP Connection(1)-127.0.0.1" daemon [_thread_in_native, id=14509, stack(0x00007f960d2bf000,0x00007f960d3c0000)]
  0x00007f95b8027000 JavaThread "RMI Scheduler(0)" daemon [_thread_blocked, id=14513, stack(0x00007f960cfbe000,0x00007f960d0bf000)]
  0x00007f95dc004000 JavaThread "RMI TCP Connection(2)-127.0.0.1" daemon [_thread_in_native, id=14516, stack(0x00007f960cbbc000,0x00007f960ccbd000)]

Other Threads:
=>0x00007f9648179000 VMThread "VM Thread" [stack: 0x00007f9624030000,0x00007f9624130000] [id=14473]
  0x00007f96486e2000 WatcherThread [stack: 0x00007f960d8c8000,0x00007f960d9c8000] [id=14499]
  0x00007f9648033800 GCTaskThread "GC Thread#0" [stack: 0x00007f964c01c000,0x00007f964c11c000] [id=14461]
  0x00007f9614001000 GCTaskThread "GC Thread#1" [stack: 0x00007f960ddd0000,0x00007f960ded0000] [id=14495]
  0x00007f9614002800 GCTaskThread "GC Thread#2" [stack: 0x00007f960dcce000,0x00007f960ddce000] [id=14496]
  0x00007f9614005800 GCTaskThread "GC Thread#3" [stack: 0x00007f960d4c3000,0x00007f960d5c3000] [id=14506]
  0x00007f9648065000 ConcurrentGCThread "G1 Main Marker" [stack: 0x00007f962cf9e000,0x00007f962d09e000] [id=14463]
  0x00007f9648066800 ConcurrentGCThread "G1 Conc#0" [stack: 0x00007f962ce9c000,0x00007f962cf9c000] [id=14464]
  0x00007f96480de800 ConcurrentGCThread "G1 Refine#0" [stack: 0x00007f962c996000,0x00007f962ca96000] [id=14469]
  0x00007f96480e0800 ConcurrentGCThread "G1 Young RemSet Sampling" [stack: 0x00007f962c894000,0x00007f962c994000] [id=14471]

Threads with active compile tasks:
C1 CompilerThread0   3830 3030       1       java.lang.invoke.AbstractValidatingLambdaMetafactory::<init> (474 bytes)

VM state:at safepoint (normal execution)

VM Mutex/Monitor currently owned by a thread:  ([mutex/lock_event])
[0x00007f9648016ec0] Threads_lock - owner thread: 0x00007f9648179000

Heap address: 0x0000000084c00000, size: 1972 MB, Compressed Oops mode: 32-bit
Narrow klass base: 0x0000000800000000, Narrow klass shift: 3
Compressed class space size: 1073741824 Address: 0x0000000840000000

Heap:
 garbage-first heap   total 169984K, used 70284K [0x0000000084c00000, 0x0000000100000000)
  region size 1024K, 63 young (64512K), 5 survivors (5120K)
 Metaspace       used 20259K, capacity 21146K, committed 21248K, reserved 1067008K
  class space    used 2688K, capacity 3070K, committed 3072K, reserved 1048576K
Heap Regions: E=young(eden), S=young(survivor), O=old, HS=humongous(starts), HC=humongous(continues), CS=collection set, F=free, A=archive, TAMS=top-at-mark-start (previous, next)
|   0|0x0000000084c00000, 0x0000000084d00000, 0x0000000084d00000|100%|HS|  |TAMS 0x0000000084c00000, 0x0000000084c00000| Complete 
|   1|0x0000000084d00000, 0x0000000084e00000, 0x0000000084e00000|100%| O|  |TAMS 0x0000000084d00000, 0x0000000084d00000| Untracked 
|   2|0x0000000084e00000, 0x0000000084f00000, 0x0000000084f00000|100%| O|  |TAMS 0x0000000084e00000, 0x0000000084e00000| Untracked 
|   3|0x0000000084f00000, 0x0000000085000000, 0x0000000085000000|100%| O|  |TAMS 0x0000000084f00000, 0x0000000084f00000| Untracked 
|   4|0x0000000085000000, 0x0000000085100000, 0x0000000085100000|100%| O|  |TAMS 0x0000000085000000, 0x0000000085000000| Untracked 
|   5|0x0000000085100000, 0x00000000851f2000, 0x0000000085200000| 94%| O|  |TAMS 0x0000000085100000, 0x0000000085100000| Untracked 
|   6|0x0000000085200000, 0x0000000085200000, 0x0000000085300000|  0%| F|  |TAMS 0x0000000085200000, 0x0000000085200000| Untracked 
|   7|0x0000000085300000, 0x0000000085300000, 0x0000000085400000|  0%| F|  |TAMS 0x0000000085300000, 0x0000000085300000| Untracked 
|   8|0x0000000085400000, 0x0000000085400000, 0x0000000085500000|  0%| F|  |TAMS 0x0000000085400000, 0x0000000085400000| Untracked 
|   9|0x0000000085500000, 0x0000000085500000, 0x0000000085600000|  0%| F|  |TAMS 0x0000000085500000, 0x0000000085500000| Untracked 
|  10|0x0000000085600000, 0x0000000085600000, 0x0000000085700000|  0%| F|  |TAMS 0x0000000085600000, 0x0000000085600000| Untracked 
|  11|0x0000000085700000, 0x0000000085700000, 0x0000000085800000|  0%| F|  |TAMS 0x0000000085700000, 0x0000000085700000| Untracked 
|  12|0x0000000085800000, 0x0000000085800000, 0x0000000085900000|  0%| F|  |TAMS 0x0000000085800000, 0x0000000085800000| Untracked 
|  13|0x0000000085900000, 0x0000000085900000, 0x0000000085a00000|  0%| F|  |TAMS 0x0000000085900000, 0x0000000085900000| Untracked 
|  14|0x0000000085a00000, 0x0000000085a00000, 0x0000000085b00000|  0%| F|  |TAMS 0x0000000085a00000, 0x0000000085a00000| Untracked 
|  15|0x0000000085b00000, 0x0000000085b00000, 0x0000000085c00000|  0%| F|  |TAMS 0x0000000085b00000, 0x0000000085b00000| Untracked 
|  16|0x0000000085c00000, 0x0000000085c00000, 0x0000000085d00000|  0%| F|  |TAMS 0x0000000085c00000, 0x0000000085c00000| Untracked 
|  17|0x0000000085d00000, 0x0000000085d00000, 0x0000000085e00000|  0%| F|  |TAMS 0x0000000085d00000, 0x0000000085d00000| Untracked 
|  18|0x0000000085e00000, 0x0000000085e00000, 0x0000000085f00000|  0%| F|  |TAMS 0x0000000085e00000, 0x0000000085e00000| Untracked 
|  19|0x0000000085f00000, 0x0000000085f00000, 0x0000000086000000|  0%| F|  |TAMS 0x0000000085f00000, 0x0000000085f00000| Untracked 
|  20|0x0000000086000000, 0x0000000086000000, 0x0000000086100000|  0%| F|  |TAMS 0x0000000086000000, 0x0000000086000000| Untracked 
|  21|0x0000000086100000, 0x0000000086100000, 0x0000000086200000|  0%| F|  |TAMS 0x0000000086100000, 0x0000000086100000| Untracked 
|  22|0x0000000086200000, 0x0000000086200000, 0x0000000086300000|  0%| F|  |TAMS 0x0000000086200000, 0x0000000086200000| Untracked 
|  23|0x0000000086300000, 0x0000000086300000, 0x0000000086400000|  0%| F|  |TAMS 0x0000000086300000, 0x0000000086300000| Untracked 
|  24|0x0000000086400000, 0x0000000086400000, 0x0000000086500000|  0%| F|  |TAMS 0x0000000086400000, 0x0000000086400000| Untracked 
|  25|0x0000000086500000, 0x0000000086500000, 0x0000000086600000|  0%| F|  |TAMS 0x0000000086500000, 0x0000000086500000| Untracked 
|  26|0x0000000086600000, 0x0000000086600000, 0x0000000086700000|  0%| F|  |TAMS 0x0000000086600000, 0x0000000086600000| Untracked 
|  27|0x0000000086700000, 0x0000000086700000, 0x0000000086800000|  0%| F|  |TAMS 0x0000000086700000, 0x0000000086700000| Untracked 
|  28|0x0000000086800000, 0x0000000086800000, 0x0000000086900000|  0%| F|  |TAMS 0x0000000086800000, 0x0000000086800000| Untracked 
|  29|0x0000000086900000, 0x0000000086900000, 0x0000000086a00000|  0%| F|  |TAMS 0x0000000086900000, 0x0000000086900000| Untracked 
|  30|0x0000000086a00000, 0x0000000086a00000, 0x0000000086b00000|  0%| F|  |TAMS 0x0000000086a00000, 0x0000000086a00000| Untracked 
|  31|0x0000000086b00000, 0x0000000086b00000, 0x0000000086c00000|  0%| F|  |TAMS 0x0000000086b00000, 0x0000000086b00000| Untracked 
|  32|0x0000000086c00000, 0x0000000086c00000, 0x0000000086d00000|  0%| F|  |TAMS 0x0000000086c00000, 0x0000000086c00000| Untracked 
|  33|0x0000000086d00000, 0x0000000086d00000, 0x0000000086e00000|  0%| F|  |TAMS 0x0000000086d00000, 0x0000000086d00000| Untracked 
|  34|0x0000000086e00000, 0x0000000086e00000, 0x0000000086f00000|  0%| F|  |TAMS 0x0000000086e00000, 0x0000000086e00000| Untracked 
|  35|0x0000000086f00000, 0x0000000086f00000, 0x0000000087000000|  0%| F|  |TAMS 0x0000000086f00000, 0x0000000086f00000| Untracked 
|  36|0x0000000087000000, 0x0000000087000000, 0x0000000087100000|  0%| F|  |TAMS 0x0000000087000000, 0x0000000087000000| Untracked 
|  37|0x0000000087100000, 0x0000000087100000, 0x0000000087200000|  0%| F|  |TAMS 0x0000000087100000, 0x0000000087100000| Untracked 
|  38|0x0000000087200000, 0x0000000087200000, 0x0000000087300000|  0%| F|  |TAMS 0x0000000087200000, 0x0000000087200000| Untracked 
|  39|0x0000000087300000, 0x0000000087300000, 0x0000000087400000|  0%| F|  |TAMS 0x0000000087300000, 0x0000000087300000| Untracked 
|  40|0x0000000087400000, 0x0000000087400000, 0x0000000087500000|  0%| F|  |TAMS 0x0000000087400000, 0x0000000087400000| Untracked 
|  41|0x0000000087500000, 0x0000000087500000, 0x0000000087600000|  0%| F|  |TAMS 0x0000000087500000, 0x0000000087500000| Untracked 
|  42|0x0000000087600000, 0x0000000087600000, 0x0000000087700000|  0%| F|  |TAMS 0x0000000087600000, 0x0000000087600000| Untracked 
|  43|0x0000000087700000, 0x0000000087700000, 0x0000000087800000|  0%| F|  |TAMS 0x0000000087700000, 0x0000000087700000| Untracked 
|  44|0x0000000087800000, 0x0000000087800000, 0x0000000087900000|  0%| F|  |TAMS 0x0000000087800000, 0x0000000087800000| Untracked 
|  45|0x0000000087900000, 0x0000000087900000, 0x0000000087a00000|  0%| F|  |TAMS 0x0000000087900000, 0x0000000087900000| Untracked 
|  46|0x0000000087a00000, 0x0000000087a00000, 0x0000000087b00000|  0%| F|  |TAMS 0x0000000087a00000, 0x0000000087a00000| Untracked 
|  47|0x0000000087b00000, 0x0000000087b00000, 0x0000000087c00000|  0%| F|  |TAMS 0x0000000087b00000, 0x0000000087b00000| Untracked 
|  48|0x0000000087c00000, 0x0000000087c00000, 0x0000000087d00000|  0%| F|  |TAMS 0x0000000087c00000, 0x0000000087c00000| Untracked 
|  49|0x0000000087d00000, 0x0000000087d00000, 0x0000000087e00000|  0%| F|  |TAMS 0x0000000087d00000, 0x0000000087d00000| Untracked 
|  50|0x0000000087e00000, 0x0000000087e00000, 0x0000000087f00000|  0%| F|  |TAMS 0x0000000087e00000, 0x0000000087e00000| Untracked 
|  51|0x0000000087f00000, 0x0000000087f00000, 0x0000000088000000|  0%| F|  |TAMS 0x0000000087f00000, 0x0000000087f00000| Untracked 
|  52|0x0000000088000000, 0x0000000088000000, 0x0000000088100000|  0%| F|  |TAMS 0x0000000088000000, 0x0000000088000000| Untracked 
|  53|0x0000000088100000, 0x0000000088100000, 0x0000000088200000|  0%| F|  |TAMS 0x0000000088100000, 0x0000000088100000| Untracked 
|  54|0x0000000088200000, 0x0000000088200000, 0x0000000088300000|  0%| F|  |TAMS 0x0000000088200000, 0x0000000088200000| Untracked 
|  55|0x0000000088300000, 0x0000000088300000, 0x0000000088400000|  0%| F|  |TAMS 0x0000000088300000, 0x0000000088300000| Untracked 
|  56|0x0000000088400000, 0x0000000088400000, 0x0000000088500000|  0%| F|  |TAMS 0x0000000088400000, 0x0000000088400000| Untracked 
|  57|0x0000000088500000, 0x0000000088500000, 0x0000000088600000|  0%| F|  |TAMS 0x0000000088500000, 0x0000000088500000| Untracked 
|  58|0x0000000088600000, 0x0000000088600000, 0x0000000088700000|  0%| F|  |TAMS 0x0000000088600000, 0x0000000088600000| Untracked 
|  59|0x0000000088700000, 0x0000000088700000, 0x0000000088800000|  0%| F|  |TAMS 0x0000000088700000, 0x0000000088700000| Untracked 
|  60|0x0000000088800000, 0x0000000088800000, 0x0000000088900000|  0%| F|  |TAMS 0x0000000088800000, 0x0000000088800000| Untracked 
|  61|0x0000000088900000, 0x0000000088900000, 0x0000000088a00000|  0%| F|  |TAMS 0x0000000088900000, 0x0000000088900000| Untracked 
|  62|0x0000000088a00000, 0x0000000088a00000, 0x0000000088b00000|  0%| F|  |TAMS 0x0000000088a00000, 0x0000000088a00000| Untracked 
|  63|0x0000000088b00000, 0x0000000088b00000, 0x0000000088c00000|  0%| F|  |TAMS 0x0000000088b00000, 0x0000000088b00000| Untracked 
|  64|0x0000000088c00000, 0x0000000088c00000, 0x0000000088d00000|  0%| F|  |TAMS 0x0000000088c00000, 0x0000000088c00000| Untracked 
|  65|0x0000000088d00000, 0x0000000088d00000, 0x0000000088e00000|  0%| F|  |TAMS 0x0000000088d00000, 0x0000000088d00000| Untracked 
|  66|0x0000000088e00000, 0x0000000088e00000, 0x0000000088f00000|  0%| F|  |TAMS 0x0000000088e00000, 0x0000000088e00000| Untracked 
|  67|0x0000000088f00000, 0x0000000088f00000, 0x0000000089000000|  0%| F|  |TAMS 0x0000000088f00000, 0x0000000088f00000| Untracked 
|  68|0x0000000089000000, 0x0000000089000000, 0x0000000089100000|  0%| F|  |TAMS 0x0000000089000000, 0x0000000089000000| Untracked 
|  69|0x0000000089100000, 0x0000000089100000, 0x0000000089200000|  0%| F|  |TAMS 0x0000000089100000, 0x0000000089100000| Untracked 
|  70|0x0000000089200000, 0x0000000089200000, 0x0000000089300000|  0%| F|  |TAMS 0x0000000089200000, 0x0000000089200000| Untracked 
|  71|0x0000000089300000, 0x0000000089300000, 0x0000000089400000|  0%| F|  |TAMS 0x0000000089300000, 0x0000000089300000| Untracked 
|  72|0x0000000089400000, 0x0000000089400000, 0x0000000089500000|  0%| F|  |TAMS 0x0000000089400000, 0x0000000089400000| Untracked 
|  73|0x0000000089500000, 0x0000000089500000, 0x0000000089600000|  0%| F|  |TAMS 0x0000000089500000, 0x0000000089500000| Untracked 
|  74|0x0000000089600000, 0x0000000089600000, 0x0000000089700000|  0%| F|  |TAMS 0x0000000089600000, 0x0000000089600000| Untracked 
|  75|0x0000000089700000, 0x0000000089700000, 0x0000000089800000|  0%| F|  |TAMS 0x0000000089700000, 0x0000000089700000| Untracked 
|  76|0x0000000089800000, 0x0000000089900000, 0x0000000089900000|100%| S|CS|TAMS 0x0000000089800000, 0x0000000089800000| Complete 
|  77|0x0000000089900000, 0x0000000089a00000, 0x0000000089a00000|100%| S|CS|TAMS 0x0000000089900000, 0x0000000089900000| Complete 
|  78|0x0000000089a00000, 0x0000000089b00000, 0x0000000089b00000|100%| S|CS|TAMS 0x0000000089a00000, 0x0000000089a00000| Complete 
|  79|0x0000000089b00000, 0x0000000089c00000, 0x0000000089c00000|100%| S|CS|TAMS 0x0000000089b00000, 0x0000000089b00000| Complete 
|  80|0x0000000089c00000, 0x0000000089d00000, 0x0000000089d00000|100%| S|CS|TAMS 0x0000000089c00000, 0x0000000089c00000| Complete 
|  81|0x0000000089d00000, 0x0000000089d00000, 0x0000000089e00000|  0%| F|  |TAMS 0x0000000089d00000, 0x0000000089d00000| Untracked 
|  82|0x0000000089e00000, 0x0000000089e00000, 0x0000000089f00000|  0%| F|  |TAMS 0x0000000089e00000, 0x0000000089e00000| Untracked 
|  83|0x0000000089f00000, 0x0000000089f00000, 0x000000008a000000|  0%| F|  |TAMS 0x0000000089f00000, 0x0000000089f00000| Untracked 
|  84|0x000000008a000000, 0x000000008a000000, 0x000000008a100000|  0%| F|  |TAMS 0x000000008a000000, 0x000000008a000000| Untracked 
|  85|0x000000008a100000, 0x000000008a100000, 0x000000008a200000|  0%| F|  |TAMS 0x000000008a100000, 0x000000008a100000| Untracked 
|  86|0x000000008a200000, 0x000000008a200000, 0x000000008a300000|  0%| F|  |TAMS 0x000000008a200000, 0x000000008a200000| Untracked 
|  87|0x000000008a300000, 0x000000008a300000, 0x000000008a400000|  0%| F|  |TAMS 0x000000008a300000, 0x000000008a300000| Untracked 
|  88|0x000000008a400000, 0x000000008a400000, 0x000000008a500000|  0%| F|  |TAMS 0x000000008a400000, 0x000000008a400000| Untracked 
|  89|0x000000008a500000, 0x000000008a500000, 0x000000008a600000|  0%| F|  |TAMS 0x000000008a500000, 0x000000008a500000| Untracked 
|  90|0x000000008a600000, 0x000000008a600000, 0x000000008a700000|  0%| F|  |TAMS 0x000000008a600000, 0x000000008a600000| Untracked 
|  91|0x000000008a700000, 0x000000008a700000, 0x000000008a800000|  0%| F|  |TAMS 0x000000008a700000, 0x000000008a700000| Untracked 
|  92|0x000000008a800000, 0x000000008a800000, 0x000000008a900000|  0%| F|  |TAMS 0x000000008a800000, 0x000000008a800000| Untracked 
|  93|0x000000008a900000, 0x000000008a900000, 0x000000008aa00000|  0%| F|  |TAMS 0x000000008a900000, 0x000000008a900000| Untracked 
|  94|0x000000008aa00000, 0x000000008aa00000, 0x000000008ab00000|  0%| F|  |TAMS 0x000000008aa00000, 0x000000008aa00000| Untracked 
|  95|0x000000008ab00000, 0x000000008ab00000, 0x000000008ac00000|  0%| F|  |TAMS 0x000000008ab00000, 0x000000008ab00000| Untracked 
|  96|0x000000008ac00000, 0x000000008ac00000, 0x000000008ad00000|  0%| F|  |TAMS 0x000000008ac00000, 0x000000008ac00000| Untracked 
|  97|0x000000008ad00000, 0x000000008ad00000, 0x000000008ae00000|  0%| F|  |TAMS 0x000000008ad00000, 0x000000008ad00000| Untracked 
|  98|0x000000008ae00000, 0x000000008ae00000, 0x000000008af00000|  0%| F|  |TAMS 0x000000008ae00000, 0x000000008ae00000| Untracked 
|  99|0x000000008af00000, 0x000000008af00000, 0x000000008b000000|  0%| F|  |TAMS 0x000000008af00000, 0x000000008af00000| Untracked 
| 100|0x000000008b000000, 0x000000008b000000, 0x000000008b100000|  0%| F|  |TAMS 0x000000008b000000, 0x000000008b000000| Untracked 
| 101|0x000000008b100000, 0x000000008b100000, 0x000000008b200000|  0%| F|  |TAMS 0x000000008b100000, 0x000000008b100000| Untracked 
| 102|0x000000008b200000, 0x000000008b200000, 0x000000008b300000|  0%| F|  |TAMS 0x000000008b200000, 0x000000008b200000| Untracked 
| 103|0x000000008b300000, 0x000000008b300000, 0x000000008b400000|  0%| F|  |TAMS 0x000000008b300000, 0x000000008b300000| Untracked 
| 104|0x000000008b400000, 0x000000008b400000, 0x000000008b500000|  0%| F|  |TAMS 0x000000008b400000, 0x000000008b400000| Untracked 
| 105|0x000000008b500000, 0x000000008b500000, 0x000000008b600000|  0%| F|  |TAMS 0x000000008b500000, 0x000000008b500000| Untracked 
| 106|0x000000008b600000, 0x000000008b700000, 0x000000008b700000|100%| E|  |TAMS 0x000000008b600000, 0x000000008b600000| Complete 
| 107|0x000000008b700000, 0x000000008b800000, 0x000000008b800000|100%| E|CS|TAMS 0x000000008b700000, 0x000000008b700000| Complete 
| 108|0x000000008b800000, 0x000000008b900000, 0x000000008b900000|100%| E|CS|TAMS 0x000000008b800000, 0x000000008b800000| Complete 
| 109|0x000000008b900000, 0x000000008ba00000, 0x000000008ba00000|100%| E|CS|TAMS 0x000000008b900000, 0x000000008b900000| Complete 
| 110|0x000000008ba00000, 0x000000008bb00000, 0x000000008bb00000|100%| E|CS|TAMS 0x000000008ba00000, 0x000000008ba00000| Complete 
| 111|0x000000008bb00000, 0x000000008bc00000, 0x000000008bc00000|100%| E|CS|TAMS 0x000000008bb00000, 0x000000008bb00000| Complete 
| 112|0x000000008bc00000, 0x000000008bd00000, 0x000000008bd00000|100%| E|CS|TAMS 0x000000008bc00000, 0x000000008bc00000| Complete 
| 113|0x000000008bd00000, 0x000000008be00000, 0x000000008be00000|100%| E|CS|TAMS 0x000000008bd00000, 0x000000008bd00000| Complete 
| 114|0x000000008be00000, 0x000000008bf00000, 0x000000008bf00000|100%| E|CS|TAMS 0x000000008be00000, 0x000000008be00000| Complete 
| 115|0x000000008bf00000, 0x000000008c000000, 0x000000008c000000|100%| E|CS|TAMS 0x000000008bf00000, 0x000000008bf00000| Complete 
| 116|0x000000008c000000, 0x000000008c100000, 0x000000008c100000|100%| E|CS|TAMS 0x000000008c000000, 0x000000008c000000| Complete 
| 117|0x000000008c100000, 0x000000008c200000, 0x000000008c200000|100%| E|CS|TAMS 0x000000008c100000, 0x000000008c100000| Complete 
| 118|0x000000008c200000, 0x000000008c300000, 0x000000008c300000|100%| E|CS|TAMS 0x000000008c200000, 0x000000008c200000| Complete 
| 119|0x000000008c300000, 0x000000008c400000, 0x000000008c400000|100%| E|CS|TAMS 0x000000008c300000, 0x000000008c300000| Complete 
| 120|0x000000008c400000, 0x000000008c500000, 0x000000008c500000|100%| E|CS|TAMS 0x000000008c400000, 0x000000008c400000| Complete 
| 121|0x000000008c500000, 0x000000008c600000, 0x000000008c600000|100%| E|CS|TAMS 0x000000008c500000, 0x000000008c500000| Complete 
| 122|0x000000008c600000, 0x000000008c700000, 0x000000008c700000|100%| E|CS|TAMS 0x000000008c600000, 0x000000008c600000| Complete 
| 123|0x000000008c700000, 0x000000008c800000, 0x000000008c800000|100%| E|CS|TAMS 0x000000008c700000, 0x000000008c700000| Complete 
| 124|0x000000008c800000, 0x000000008c900000, 0x000000008c900000|100%| E|CS|TAMS 0x000000008c800000, 0x000000008c800000| Complete 
| 125|0x000000008c900000, 0x000000008ca00000, 0x000000008ca00000|100%| E|CS|TAMS 0x000000008c900000, 0x000000008c900000| Complete 
| 126|0x000000008ca00000, 0x000000008cb00000, 0x000000008cb00000|100%| E|CS|TAMS 0x000000008ca00000, 0x000000008ca00000| Complete 
| 127|0x000000008cb00000, 0x000000008cc00000, 0x000000008cc00000|100%| E|CS|TAMS 0x000000008cb00000, 0x000000008cb00000| Complete 
| 128|0x000000008cc00000, 0x000000008cd00000, 0x000000008cd00000|100%| E|CS|TAMS 0x000000008cc00000, 0x000000008cc00000| Complete 
| 129|0x000000008cd00000, 0x000000008ce00000, 0x000000008ce00000|100%| E|CS|TAMS 0x000000008cd00000, 0x000000008cd00000| Complete 
| 130|0x000000008ce00000, 0x000000008cf00000, 0x000000008cf00000|100%| E|CS|TAMS 0x000000008ce00000, 0x000000008ce00000| Complete 
| 131|0x000000008cf00000, 0x000000008d000000, 0x000000008d000000|100%| E|CS|TAMS 0x000000008cf00000, 0x000000008cf00000| Complete 
| 132|0x000000008d000000, 0x000000008d100000, 0x000000008d100000|100%| E|CS|TAMS 0x000000008d000000, 0x000000008d000000| Complete 
| 133|0x000000008d100000, 0x000000008d200000, 0x000000008d200000|100%| E|CS|TAMS 0x000000008d100000, 0x000000008d100000| Complete 
| 134|0x000000008d200000, 0x000000008d300000, 0x000000008d300000|100%| E|CS|TAMS 0x000000008d200000, 0x000000008d200000| Complete 
| 135|0x000000008d300000, 0x000000008d400000, 0x000000008d400000|100%| E|CS|TAMS 0x000000008d300000, 0x000000008d300000| Complete 
| 136|0x000000008d400000, 0x000000008d500000, 0x000000008d500000|100%| E|CS|TAMS 0x000000008d400000, 0x000000008d400000| Complete 
| 137|0x000000008d500000, 0x000000008d600000, 0x000000008d600000|100%| E|CS|TAMS 0x000000008d500000, 0x000000008d500000| Complete 
| 138|0x000000008d600000, 0x000000008d700000, 0x000000008d700000|100%| E|CS|TAMS 0x000000008d600000, 0x000000008d600000| Complete 
| 139|0x000000008d700000, 0x000000008d800000, 0x000000008d800000|100%| E|CS|TAMS 0x000000008d700000, 0x000000008d700000| Complete 
| 140|0x000000008d800000, 0x000000008d900000, 0x000000008d900000|100%| E|CS|TAMS 0x000000008d800000, 0x000000008d800000| Complete 
| 141|0x000000008d900000, 0x000000008da00000, 0x000000008da00000|100%| E|CS|TAMS 0x000000008d900000, 0x000000008d900000| Complete 
| 142|0x000000008da00000, 0x000000008db00000, 0x000000008db00000|100%| E|CS|TAMS 0x000000008da00000, 0x000000008da00000| Complete 
| 143|0x000000008db00000, 0x000000008dc00000, 0x000000008dc00000|100%| E|CS|TAMS 0x000000008db00000, 0x000000008db00000| Complete 
| 144|0x000000008dc00000, 0x000000008dd00000, 0x000000008dd00000|100%| E|CS|TAMS 0x000000008dc00000, 0x000000008dc00000| Complete 
| 145|0x000000008dd00000, 0x000000008de00000, 0x000000008de00000|100%| E|CS|TAMS 0x000000008dd00000, 0x000000008dd00000| Complete 
| 146|0x000000008de00000, 0x000000008df00000, 0x000000008df00000|100%| E|CS|TAMS 0x000000008de00000, 0x000000008de00000| Complete 
| 147|0x000000008df00000, 0x000000008e000000, 0x000000008e000000|100%| E|CS|TAMS 0x000000008df00000, 0x000000008df00000| Complete 
| 148|0x000000008e000000, 0x000000008e100000, 0x000000008e100000|100%| E|CS|TAMS 0x000000008e000000, 0x000000008e000000| Complete 
| 149|0x000000008e100000, 0x000000008e200000, 0x000000008e200000|100%| E|CS|TAMS 0x000000008e100000, 0x000000008e100000| Complete 
| 150|0x000000008e200000, 0x000000008e300000, 0x000000008e300000|100%| E|CS|TAMS 0x000000008e200000, 0x000000008e200000| Complete 
| 151|0x000000008e300000, 0x000000008e400000, 0x000000008e400000|100%| E|CS|TAMS 0x000000008e300000, 0x000000008e300000| Complete 
| 152|0x000000008e400000, 0x000000008e500000, 0x000000008e500000|100%| E|CS|TAMS 0x000000008e400000, 0x000000008e400000| Complete 
| 153|0x000000008e500000, 0x000000008e600000, 0x000000008e600000|100%| E|CS|TAMS 0x000000008e500000, 0x000000008e500000| Complete 
| 154|0x000000008e600000, 0x000000008e700000, 0x000000008e700000|100%| E|CS|TAMS 0x000000008e600000, 0x000000008e600000| Complete 
| 155|0x000000008e700000, 0x000000008e800000, 0x000000008e800000|100%| E|CS|TAMS 0x000000008e700000, 0x000000008e700000| Complete 
| 156|0x000000008e800000, 0x000000008e900000, 0x000000008e900000|100%| E|CS|TAMS 0x000000008e800000, 0x000000008e800000| Complete 
| 157|0x000000008e900000, 0x000000008ea00000, 0x000000008ea00000|100%| E|CS|TAMS 0x000000008e900000, 0x000000008e900000| Complete 
| 158|0x000000008ea00000, 0x000000008eb00000, 0x000000008eb00000|100%| E|CS|TAMS 0x000000008ea00000, 0x000000008ea00000| Complete 
| 159|0x000000008eb00000, 0x000000008ec00000, 0x000000008ec00000|100%| E|CS|TAMS 0x000000008eb00000, 0x000000008eb00000| Complete 
| 160|0x000000008ec00000, 0x000000008ed00000, 0x000000008ed00000|100%| E|CS|TAMS 0x000000008ec00000, 0x000000008ec00000| Complete 
| 161|0x000000008ed00000, 0x000000008ee00000, 0x000000008ee00000|100%| E|CS|TAMS 0x000000008ed00000, 0x000000008ed00000| Complete 
| 162|0x000000008ee00000, 0x000000008ef00000, 0x000000008ef00000|100%| E|CS|TAMS 0x000000008ee00000, 0x000000008ee00000| Complete 
| 163|0x000000008ef00000, 0x000000008f000000, 0x000000008f000000|100%| E|CS|TAMS 0x000000008ef00000, 0x000000008ef00000| Complete 
|1970|0x00000000ffe00000, 0x00000000ffe47000, 0x00000000fff00000| 27%|OA|  |TAMS 0x00000000ffe00000, 0x00000000ffe00000| Untracked 
|1971|0x00000000fff00000, 0x00000000fff6a000, 0x0000000100000000| 41%|CA|  |TAMS 0x00000000fff00000, 0x00000000fff00000| Untracked 

Card table byte_map: [0x00007f962f348000,0x00007f962f722000] _byte_map_base: 0x00007f962ef22000

Marking Bits (Prev, Next): (CMBitMap*) 0x00007f964805c2e8, (CMBitMap*) 0x00007f964805c320
 Prev Bits: [0x00007f962d09e000, 0x00007f962ef6e000)
 Next Bits: [0x00007f9626130000, 0x00007f9628000000)

Polling page: 0x00007f964fb89000

Metaspace:

Usage:
  Non-class:     17,65 MB capacity,    17,16 MB ( 97%) used,   410,70 KB (  2%) free+waste,    94,19 KB ( <1%) overhead. 
      Class:      3,00 MB capacity,     2,63 MB ( 88%) used,   332,93 KB ( 11%) free+waste,    48,81 KB (  2%) overhead. 
       Both:     20,65 MB capacity,    19,78 MB ( 96%) used,   743,63 KB (  4%) free+waste,   143,00 KB ( <1%) overhead. 

Virtual space:
  Non-class space:       18,00 MB reserved,      17,75 MB ( 99%) committed 
      Class space:        1,00 GB reserved,       3,00 MB ( <1%) committed 
             Both:        1,02 GB reserved,      20,75 MB (  2%) committed 

Chunk freelists:
   Non-Class:  52,00 KB
       Class:  2,00 KB
        Both:  54,00 KB

MaxMetaspaceSize: unlimited
CompressedClassSpaceSize: 1,00 GB

CodeHeap 'non-profiled nmethods': size=238948Kb used=5125Kb max_used=5125Kb free=233822Kb
 bounds [0x00007f963077a000, 0x00007f9630c8a000, 0x00007f963f0d3000]
CodeHeap 'non-nmethods': size=6812Kb used=1229Kb max_used=1229Kb free=5582Kb
 bounds [0x00007f96300d3000, 0x00007f9630343000, 0x00007f963077a000]
 total_blobs=3555 nmethods=3032 adapters=430
 compilation: enabled
              stopped_count=0, restarted_count=0
 full_count=0

Compilation events (20 events):
Event: 3,806 Thread 0x00007f9648185800 nmethod 3039 0x00007f9630c77310 code [0x00007f9630c77580, 0x00007f9630c77c48]
Event: 3,806 Thread 0x00007f9648185800 3041       1       java.lang.invoke.InnerClassLambdaMetafactory$ForwardingMethodGenerator::generate (181 bytes)
Event: 3,807 Thread 0x00007f9648185800 nmethod 3041 0x00007f9630c78110 code [0x00007f9630c78380, 0x00007f9630c78938]
Event: 3,807 Thread 0x00007f9648185800 3044       1       org.springframework.util.PropertyPlaceholderHelper::replacePlaceholders (14 bytes)
Event: 3,808 Thread 0x00007f9648185800 nmethod 3044 0x00007f9630c78d90 code [0x00007f9630c78f60, 0x00007f9630c79158]
Event: 3,808 Thread 0x00007f9648185800 3045       1       org.springframework.core.env.AbstractPropertyResolver::doResolvePlaceholders (12 bytes)
Event: 3,808 Thread 0x00007f9648185800 nmethod 3045 0x00007f9630c79290 code [0x00007f9630c79460, 0x00007f9630c79738]
Event: 3,808 Thread 0x00007f9648185800 3046       1       org.springframework.core.env.AbstractPropertyResolver$$Lambda$231/0x00000008401cf040::get$Lambda (9 bytes)
Event: 3,808 Thread 0x00007f9648185800 nmethod 3046 0x00007f9630c79910 code [0x00007f9630c79ac0, 0x00007f9630c79c70]
Event: 3,808 Thread 0x00007f9648185800 3047       1       org.springframework.core.env.AbstractPropertyResolver$$Lambda$231/0x00000008401cf040::<init> (10 bytes)
Event: 3,808 Thread 0x00007f9648185800 nmethod 3047 0x00007f9630c79d10 code [0x00007f9630c79ec0, 0x00007f9630c7a030]
Event: 3,808 Thread 0x00007f9648185800 3048       1       org.springframework.core.env.AbstractPropertyResolver::resolveRequiredPlaceholders (26 bytes)
Event: 3,809 Thread 0x00007f9648185800 nmethod 3048 0x00007f9630c7a090 code [0x00007f9630c7a280, 0x00007f9630c7a688]
Event: 3,809 Thread 0x00007f9648185800 3050       1       org.springframework.context.support.PropertySourcesPlaceholderConfigurer$$Lambda$384/0x00000008402b9840::resolveStringValue (13 bytes)
Event: 3,809 Thread 0x00007f9648185800 nmethod 3050 0x00007f9630c7a910 code [0x00007f9630c7aac0, 0x00007f9630c7ac28]
Event: 3,809 Thread 0x00007f9648185800 3051       1       org.springframework.context.support.PropertySourcesPlaceholderConfigurer::lambda$processProperties$0 (54 bytes)
Event: 3,809 Thread 0x00007f9648185800 nmethod 3051 0x00007f9630c7ad10 code [0x00007f9630c7af00, 0x00007f9630c7b188]
Event: 3,809 Thread 0x00007f9648185800 3049       1       org.springframework.beans.factory.config.BeanDefinitionVisitor::resolveStringValue (42 bytes)
Event: 3,809 Thread 0x00007f9648185800 nmethod 3049 0x00007f9630c7b310 code [0x00007f9630c7b500, 0x00007f9630c7b788]
Event: 3,809 Thread 0x00007f9648185800 3030       1       java.lang.invoke.AbstractValidatingLambdaMetafactory::<init> (474 bytes)

GC Heap History (12 events):
Event: 1,085 GC heap before
{Heap before GC invocations=0 (full 0):
 garbage-first heap   total 129024K, used 16068K [0x0000000084c00000, 0x0000000100000000)
  region size 1024K, 14 young (14336K), 0 survivors (0K)
 Metaspace       used 3622K, capacity 4968K, committed 5248K, reserved 1056768K
  class space    used 460K, capacity 533K, committed 640K, reserved 1048576K
}
Event: 1,102 GC heap after
{Heap after GC invocations=1 (full 0):
 garbage-first heap   total 129024K, used 6758K [0x0000000084c00000, 0x0000000100000000)
  region size 1024K, 2 young (2048K), 2 survivors (2048K)
 Metaspace       used 3622K, capacity 4968K, committed 5248K, reserved 1056768K
  class space    used 460K, capacity 533K, committed 640K, reserved 1048576K
}
Event: 1,306 GC heap before
{Heap before GC invocations=1 (full 0):
 garbage-first heap   total 129024K, used 13926K [0x0000000084c00000, 0x0000000100000000)
  region size 1024K, 9 young (9216K), 2 survivors (2048K)
 Metaspace       used 5579K, capacity 5899K, committed 6144K, reserved 1056768K
  class space    used 675K, capacity 762K, committed 768K, reserved 1048576K
}
Event: 1,319 GC heap after
{Heap after GC invocations=2 (full 0):
 garbage-first heap   total 129024K, used 7736K [0x0000000084c00000, 0x0000000100000000)
  region size 1024K, 1 young (1024K), 1 survivors (1024K)
 Metaspace       used 5579K, capacity 5899K, committed 6144K, reserved 1056768K
  class space    used 675K, capacity 762K, committed 768K, reserved 1048576K
}
Event: 1,508 GC heap before
{Heap before GC invocations=2 (full 0):
 garbage-first heap   total 129024K, used 29240K [0x0000000084c00000, 0x0000000100000000)
  region size 1024K, 23 young (23552K), 1 survivors (1024K)
 Metaspace       used 6798K, capacity 7185K, committed 7424K, reserved 1056768K
  class space    used 822K, capacity 954K, committed 1024K, reserved 1048576K
}
Event: 1,513 GC heap after
{Heap after GC invocations=3 (full 0):
 garbage-first heap   total 129024K, used 8228K [0x0000000084c00000, 0x0000000100000000)
  region size 1024K, 2 young (2048K), 2 survivors (2048K)
 Metaspace       used 6798K, capacity 7185K, committed 7424K, reserved 1056768K
  class space    used 822K, capacity 954K, committed 1024K, reserved 1048576K
}
Event: 1,662 GC heap before
{Heap before GC invocations=3 (full 0):
 garbage-first heap   total 129024K, used 40996K [0x0000000084c00000, 0x0000000100000000)
  region size 1024K, 35 young (35840K), 2 survivors (2048K)
 Metaspace       used 7417K, capacity 7831K, committed 8064K, reserved 1056768K
  class space    used 927K, capacity 1064K, committed 1152K, reserved 1048576K
}
Event: 1,683 GC heap after
{Heap after GC invocations=4 (full 0):
 garbage-first heap   total 129024K, used 8378K [0x0000000084c00000, 0x0000000100000000)
  region size 1024K, 2 young (2048K), 2 survivors (2048K)
 Metaspace       used 7417K, capacity 7831K, committed 8064K, reserved 1056768K
  class space    used 927K, capacity 1064K, committed 1152K, reserved 1048576K
}
Event: 2,872 GC heap before
{Heap before GC invocations=4 (full 0):
 garbage-first heap   total 129024K, used 67770K [0x0000000084c00000, 0x0000000100000000)
  region size 1024K, 61 young (62464K), 2 survivors (2048K)
 Metaspace       used 15414K, capacity 16144K, committed 16512K, reserved 1062912K
  class space    used 2028K, capacity 2311K, committed 2432K, reserved 1048576K
}
Event: 2,888 GC heap after
{Heap after GC invocations=5 (full 0):
 garbage-first heap   total 169984K, used 10530K [0x0000000084c00000, 0x0000000100000000)
  region size 1024K, 4 young (4096K), 4 survivors (4096K)
 Metaspace       used 15414K, capacity 16144K, committed 16512K, reserved 1062912K
  class space    used 2028K, capacity 2311K, committed 2432K, reserved 1048576K
}
Event: 3,306 GC heap before
{Heap before GC invocations=5 (full 0):
 garbage-first heap   total 169984K, used 94498K [0x0000000084c00000, 0x0000000100000000)
  region size 1024K, 87 young (89088K), 4 survivors (4096K)
 Metaspace       used 17187K, capacity 18066K, committed 18304K, reserved 1064960K
  class space    used 2250K, capacity 2626K, committed 2688K, reserved 1048576K
}
Event: 3,313 GC heap after
{Heap after GC invocations=6 (full 0):
 garbage-first heap   total 169984K, used 11916K [0x0000000084c00000, 0x0000000100000000)
  region size 1024K, 5 young (5120K), 5 survivors (5120K)
 Metaspace       used 17187K, capacity 18066K, committed 18304K, reserved 1064960K
  class space    used 2250K, capacity 2626K, committed 2688K, reserved 1048576K
}

Deoptimization events (20 events):
Event: 3,783 Thread 0x00007f95d4003000 DEOPT PACKING pc=0x00007f9630af2cf4 sp=0x00007f960d7c1b50
Event: 3,783 Thread 0x00007f95d4003000 DEOPT UNPACKING pc=0x00007f963010c03a sp=0x00007f960d7c1018 mode 1
Event: 3,783 Thread 0x00007f95d4003000 DEOPT PACKING pc=0x00007f9630af1554 sp=0x00007f960d7c1bb0
Event: 3,783 Thread 0x00007f95d4003000 DEOPT UNPACKING pc=0x00007f963010c03a sp=0x00007f960d7c1120 mode 1
Event: 3,792 Thread 0x00007f95d4003000 DEOPT PACKING pc=0x00007f9630bc875c sp=0x00007f960d7c2370
Event: 3,792 Thread 0x00007f95d4003000 DEOPT UNPACKING pc=0x00007f963010c03a sp=0x00007f960d7c18c8 mode 1
Event: 3,792 Thread 0x00007f95d4003000 DEOPT PACKING pc=0x00007f9630bc875c sp=0x00007f960d7c2370
Event: 3,792 Thread 0x00007f95d4003000 DEOPT UNPACKING pc=0x00007f963010c03a sp=0x00007f960d7c18c8 mode 1
Event: 3,796 Thread 0x00007f95d4003000 DEOPT PACKING pc=0x00007f9630af3671 sp=0x00007f960d7c18f0
Event: 3,796 Thread 0x00007f95d4003000 DEOPT UNPACKING pc=0x00007f963010c03a sp=0x00007f960d7c0dd8 mode 1
Event: 3,796 Thread 0x00007f95d4003000 DEOPT PACKING pc=0x00007f9630af2cf4 sp=0x00007f960d7c1970
Event: 3,796 Thread 0x00007f95d4003000 DEOPT UNPACKING pc=0x00007f963010c03a sp=0x00007f960d7c0e38 mode 1
Event: 3,796 Thread 0x00007f95d4003000 DEOPT PACKING pc=0x00007f9630af1554 sp=0x00007f960d7c19d0
Event: 3,796 Thread 0x00007f95d4003000 DEOPT UNPACKING pc=0x00007f963010c03a sp=0x00007f960d7c0f40 mode 1
Event: 3,800 Thread 0x00007f95d4003000 DEOPT PACKING pc=0x00007f9630af3671 sp=0x00007f960d7c1830
Event: 3,800 Thread 0x00007f95d4003000 DEOPT UNPACKING pc=0x00007f963010c03a sp=0x00007f960d7c0d18 mode 1
Event: 3,800 Thread 0x00007f95d4003000 DEOPT PACKING pc=0x00007f9630af2cf4 sp=0x00007f960d7c18b0
Event: 3,800 Thread 0x00007f95d4003000 DEOPT UNPACKING pc=0x00007f963010c03a sp=0x00007f960d7c0d78 mode 1
Event: 3,800 Thread 0x00007f95d4003000 DEOPT PACKING pc=0x00007f9630af1554 sp=0x00007f960d7c1910
Event: 3,800 Thread 0x00007f95d4003000 DEOPT UNPACKING pc=0x00007f963010c03a sp=0x00007f960d7c0e80 mode 1

Classes redefined (0 events):
No events

Internal exceptions (20 events):
Event: 2,502 Thread 0x00007f95c801b800 Exception <a 'java/lang/NoSuchMethodError'{0x0000000089cb6c58}: 'java.lang.Object java.lang.invoke.DirectMethodHandle$Holder.invokeVirtual(java.lang.Object, java.lang.Object, java.lang.Object, java.lang.Object)'> (0x0000000089cb6c58) thrown at [./src/hotspot/share/interpreter/linkResolver.cpp, line 773]
Event: 2,672 Thread 0x00007f95d4003000 Exception <a 'java/lang/NoSuchMethodError'{0x00000000894787d0}: 'org.slf4j.impl.StaticMDCBinder org.slf4j.impl.StaticMDCBinder.getSingleton()'> (0x00000000894787d0) thrown at [./src/hotspot/share/interpreter/linkResolver.cpp, line 773]
Event: 2,757 Thread 0x00007f95dc004000 Exception <a 'java/lang/reflect/InvocationTargetException'{0x000000008ac54be0}> (0x000000008ac54be0) thrown at [./src/hotspot/share/runtime/reflection.cpp, line 1247]
Event: 2,823 Thread 0x00007f95d4003000 Exception <a 'java/lang/ClassNotFoundException'{0x0000000088dd4d78}: java/lang/ObjectCustomizer> (0x0000000088dd4d78) thrown at [./src/hotspot/share/classfile/systemDictionary.cpp, line 231]
Event: 2,836 Thread 0x00007f95d4003000 Exception <a 'java/lang/ClassNotFoundException'{0x0000000088c25920}: org/springframework/context/annotation/ConfigurationClassPostProcessorCustomizer> (0x0000000088c25920) thrown at [./src/hotspot/share/classfile/systemDictionary.cpp, line 231]
Event: 2,853 Thread 0x00007f95d4003000 Exception <a 'java/lang/ClassNotFoundException'{0x0000000088cbe250}: org/springframework/beans/factory/support/BeanDefinitionRegistryPostProcessorCustomizer> (0x0000000088cbe250) thrown at [./src/hotspot/share/classfile/systemDictionary.cpp, line 231]
Event: 2,855 Thread 0x00007f95d4003000 Exception <a 'java/lang/ClassNotFoundException'{0x0000000088cd5990}: org/springframework/beans/factory/config/BeanFactoryPostProcessorCustomizer> (0x0000000088cd5990) thrown at [./src/hotspot/share/classfile/systemDictionary.cpp, line 231]
Event: 2,856 Thread 0x00007f95d4003000 Exception <a 'java/lang/ClassNotFoundException'{0x0000000088ce8f38}: org/springframework/core/PriorityOrderedCustomizer> (0x0000000088ce8f38) thrown at [./src/hotspot/share/classfile/systemDictionary.cpp, line 231]
Event: 2,857 Thread 0x00007f95d4003000 Exception <a 'java/lang/ClassNotFoundException'{0x0000000088cf9ff0}: org/springframework/core/OrderedCustomizer> (0x0000000088cf9ff0) thrown at [./src/hotspot/share/classfile/systemDictionary.cpp, line 231]
Event: 2,859 Thread 0x00007f95d4003000 Exception <a 'java/lang/ClassNotFoundException'{0x0000000088b0e608}: org/springframework/context/ResourceLoaderAwareCustomizer> (0x0000000088b0e608) thrown at [./src/hotspot/share/classfile/systemDictionary.cpp, line 231]
Event: 2,860 Thread 0x00007f95d4003000 Exception <a 'java/lang/ClassNotFoundException'{0x0000000088b21600}: org/springframework/beans/factory/AwareCustomizer> (0x0000000088b21600) thrown at [./src/hotspot/share/classfile/systemDictionary.cpp, line 231]
Event: 2,861 Thread 0x00007f95d4003000 Exception <a 'java/lang/ClassNotFoundException'{0x0000000088b35b58}: org/springframework/beans/factory/BeanClassLoaderAwareCustomizer> (0x0000000088b35b58) thrown at [./src/hotspot/share/classfile/systemDictionary.cpp, line 231]
Event: 2,862 Thread 0x00007f95d4003000 Exception <a 'java/lang/ClassNotFoundException'{0x0000000088b48dd8}: org/springframework/beans/factory/AwareCustomizer> (0x0000000088b48dd8) thrown at [./src/hotspot/share/classfile/systemDictionary.cpp, line 231]
Event: 2,863 Thread 0x00007f95d4003000 Exception <a 'java/lang/ClassNotFoundException'{0x0000000088b5bcd8}: org/springframework/context/EnvironmentAwareCustomizer> (0x0000000088b5bcd8) thrown at [./src/hotspot/share/classfile/systemDictionary.cpp, line 231]
Event: 2,864 Thread 0x00007f95d4003000 Exception <a 'java/lang/ClassNotFoundException'{0x0000000088b6ec38}: org/springframework/beans/factory/AwareCustomizer> (0x0000000088b6ec38) thrown at [./src/hotspot/share/classfile/systemDictionary.cpp, line 231]
Event: 2,964 Thread 0x00007f95d4003000 Exception <a 'java/lang/NoSuchMethodError'{0x000000008ec447e8}: 'int java.lang.invoke.DirectMethodHandle$Holder.invokeSpecialIFC(java.lang.Object, java.lang.Object, java.lang.Object, java.lang.Object)'> (0x000000008ec447e8) thrown at [./src/hotspot/share/interpreter/linkResolver.cpp, line 773]
Event: 3,073 Thread 0x00007f95d4003000 Exception <a 'java/lang/IncompatibleClassChangeError'{0x000000008c0ead50}: Found class java.lang.Object, but interface was expected> (0x000000008c0ead50) thrown at [./src/hotspot/share/interpreter/linkResolver.cpp, line 839]
Event: 3,101 Thread 0x00007f95d4003000 Exception <a 'java/lang/NoSuchMethodError'{0x000000008bd5f920}: 'void java.lang.invoke.DirectMethodHandle$Holder.invokeInterface(java.lang.Object, java.lang.Object, java.lang.Object, java.lang.Object)'> (0x000000008bd5f920) thrown at [./src/hotspot/share/interpreter/linkResolver.cpp, line 773]
Event: 3,266 Thread 0x00007f95dc004000 Exception <a 'java/lang/reflect/InvocationTargetException'{0x000000008a5ded58}> (0x000000008a5ded58) thrown at [./src/hotspot/share/runtime/reflection.cpp, line 1247]
Event: 3,773 Thread 0x00007f95dc004000 Exception <a 'java/lang/reflect/InvocationTargetException'{0x000000008b88a0c0}> (0x000000008b88a0c0) thrown at [./src/hotspot/share/runtime/reflection.cpp, line 1247]

Events (20 events):
Event: 3,796 loading class org/springframework/beans/factory/ListableBeanFactory done
Event: 3,796 loading class org/springframework/data/jpa/util/BeanDefinitionUtils
Event: 3,796 loading class org/springframework/data/jpa/util/BeanDefinitionUtils done
Event: 3,796 loading class org/springframework/jndi/JndiObjectFactoryBean
Event: 3,796 loading class org/springframework/jndi/JndiObjectFactoryBean done
Event: 3,797 loading class org/springframework/jndi/JndiObjectLocator
Event: 3,797 loading class org/springframework/jndi/JndiObjectLocator done
Event: 3,797 loading class org/springframework/data/jpa/util/BeanDefinitionUtils$EntityManagerFactoryBeanDefinition
Event: 3,797 loading class org/springframework/data/jpa/util/BeanDefinitionUtils$EntityManagerFactoryBeanDefinition done
Event: 3,799 loading class org/springframework/beans/factory/support/AutowireCandidateQualifier
Event: 3,799 loading class org/springframework/beans/factory/support/AutowireCandidateQualifier done
Event: 3,800 loading class org/springframework/orm/jpa/SharedEntityManagerCreator
Event: 3,800 loading class org/springframework/orm/jpa/SharedEntityManagerCreator done
Event: 3,800 loading class sun/reflect/generics/tree/BooleanSignature
Event: 3,800 loading class sun/reflect/generics/tree/BooleanSignature done
Event: 3,801 loading class org/springframework/boot/context/properties/ConfigurationPropertiesValueObjectBeanDefinition
Event: 3,801 loading class org/springframework/boot/context/properties/ConfigurationPropertiesValueObjectBeanDefinition done
Event: 3,805 Executing VM operation: ChangeBreakpoints
Event: 3,806 Executing VM operation: ChangeBreakpoints done
Event: 3,811 Executing VM operation: ChangeBreakpoints


Dynamic libraries:
84c00000-8f000000 rw-p 00000000 00:00 0 
8f000000-ffe00000 ---p 00000000 00:00 0 
ffe00000-ffe47000 rw-p 0110b000 08:01 2367378                            /usr/lib/jvm/java-11-openjdk-amd64/lib/server/classes.jsa
ffe47000-fff00000 rw-p 00000000 00:00 0 
fff00000-fff6a000 rw-p 010a1000 08:01 2367378                            /usr/lib/jvm/java-11-openjdk-amd64/lib/server/classes.jsa
fff6a000-100000000 rw-p 00000000 00:00 0 
800000000-800002000 rwxp 00001000 08:01 2367378                          /usr/lib/jvm/java-11-openjdk-amd64/lib/server/classes.jsa
800002000-8010a0000 rw-p 00003000 08:01 2367378                          /usr/lib/jvm/java-11-openjdk-amd64/lib/server/classes.jsa
840000000-840300000 rw-p 00000000 00:00 0 
840300000-880000000 ---p 00000000 00:00 0 
5627e1f79000-5627e1f7a000 r-xp 00000000 08:01 2372960                    /usr/lib/jvm/java-11-openjdk-amd64/bin/java
5627e217a000-5627e217b000 r--p 00001000 08:01 2372960                    /usr/lib/jvm/java-11-openjdk-amd64/bin/java
5627e217b000-5627e217c000 rw-p 00002000 08:01 2372960                    /usr/lib/jvm/java-11-openjdk-amd64/bin/java
5627e3467000-5627e3488000 rw-p 00000000 00:00 0                          [heap]
7f95b0000000-7f95b0027000 rw-p 00000000 00:00 0 
7f95b0027000-7f95b4000000 ---p 00000000 00:00 0 
7f95b4000000-7f95b4021000 rw-p 00000000 00:00 0 
7f95b4021000-7f95b8000000 ---p 00000000 00:00 0 
7f95b8000000-7f95b8043000 rw-p 00000000 00:00 0 
7f95b8043000-7f95bc000000 ---p 00000000 00:00 0 
7f95bc000000-7f95bc021000 rw-p 00000000 00:00 0 
7f95bc021000-7f95c0000000 ---p 00000000 00:00 0 
7f95c0000000-7f95c0021000 rw-p 00000000 00:00 0 
7f95c0021000-7f95c4000000 ---p 00000000 00:00 0 
7f95c4000000-7f95c4029000 rw-p 00000000 00:00 0 
7f95c4029000-7f95c8000000 ---p 00000000 00:00 0 
7f95c8000000-7f95c849c000 rw-p 00000000 00:00 0 
7f95c849c000-7f95cc000000 ---p 00000000 00:00 0 
7f95cc000000-7f95cc1d4000 rw-p 00000000 00:00 0 
7f95cc1d4000-7f95d0000000 ---p 00000000 00:00 0 
7f95d0000000-7f95d0021000 rw-p 00000000 00:00 0 
7f95d0021000-7f95d4000000 ---p 00000000 00:00 0 
7f95d4000000-7f95d4021000 rw-p 00000000 00:00 0 
7f95d4021000-7f95d8000000 ---p 00000000 00:00 0 
7f95d8000000-7f95d8021000 rw-p 00000000 00:00 0 
7f95d8021000-7f95dc000000 ---p 00000000 00:00 0 
7f95dc000000-7f95dc021000 rw-p 00000000 00:00 0 
7f95dc021000-7f95e0000000 ---p 00000000 00:00 0 
7f95e0000000-7f95e0021000 rw-p 00000000 00:00 0 
7f95e0021000-7f95e4000000 ---p 00000000 00:00 0 
7f95e4000000-7f95e4021000 rw-p 00000000 00:00 0 
7f95e4021000-7f95e8000000 ---p 00000000 00:00 0 
7f95e8000000-7f95e806a000 rw-p 00000000 00:00 0 
7f95e806a000-7f95ec000000 ---p 00000000 00:00 0 
7f95ec000000-7f95ec021000 rw-p 00000000 00:00 0 
7f95ec021000-7f95f0000000 ---p 00000000 00:00 0 
7f95f0000000-7f95f0021000 rw-p 00000000 00:00 0 
7f95f0021000-7f95f4000000 ---p 00000000 00:00 0 
7f95f4000000-7f95f4030000 rw-p 00000000 00:00 0 
7f95f4030000-7f95f8000000 ---p 00000000 00:00 0 
7f95f8000000-7f95f8368000 rw-p 00000000 00:00 0 
7f95f8368000-7f95fc000000 ---p 00000000 00:00 0 
7f95fc000000-7f95fc021000 rw-p 00000000 00:00 0 
7f95fc021000-7f9600000000 ---p 00000000 00:00 0 
7f9600000000-7f9600021000 rw-p 00000000 00:00 0 
7f9600021000-7f9604000000 ---p 00000000 00:00 0 
7f9604000000-7f9604021000 rw-p 00000000 00:00 0 
7f9604021000-7f9608000000 ---p 00000000 00:00 0 
7f9608000000-7f9608021000 rw-p 00000000 00:00 0 
7f9608021000-7f960c000000 ---p 00000000 00:00 0 
7f960c5bc000-7f960c77c000 rw-p 00000000 00:00 0 
7f960c77c000-7f960c7bc000 ---p 00000000 00:00 0 
7f960c7bc000-7f960c9bc000 rw-p 00000000 00:00 0 
7f960c9bc000-7f960cbbc000 rw-p 00000000 00:00 0 
7f960cbbc000-7f960cbc0000 ---p 00000000 00:00 0 
7f960cbc0000-7f960cebd000 rw-p 00000000 00:00 0 
7f960cebd000-7f960cec1000 ---p 00000000 00:00 0 
7f960cec1000-7f960cfbe000 rw-p 00000000 00:00 0 
7f960cfbe000-7f960cfc2000 ---p 00000000 00:00 0 
7f960cfc2000-7f960d2bf000 rw-p 00000000 00:00 0 
7f960d2bf000-7f960d2c3000 ---p 00000000 00:00 0 
7f960d2c3000-7f960d3c0000 rw-p 00000000 00:00 0 
7f960d3c0000-7f960d3c4000 ---p 00000000 00:00 0 
7f960d3c4000-7f960d4c1000 rw-p 00000000 00:00 0 
7f960d4c1000-7f960d4c2000 ---p 00000000 00:00 0 
7f960d4c2000-7f960d5c3000 rw-p 00000000 00:00 0 
7f960d5c3000-7f960d5c7000 ---p 00000000 00:00 0 
7f960d5c7000-7f960d6c4000 rw-p 00000000 00:00 0 
7f960d6c4000-7f960d6c8000 ---p 00000000 00:00 0 
7f960d6c8000-7f960d7c5000 rw-p 00000000 00:00 0 
7f960d7c5000-7f960d7c9000 ---p 00000000 00:00 0 
7f960d7c9000-7f960d8c6000 rw-p 00000000 00:00 0 
7f960d8c6000-7f960d8c7000 ---p 00000000 00:00 0 
7f960d8c7000-7f960d9c8000 rw-p 00000000 00:00 0 
7f960d9c8000-7f960d9cc000 ---p 00000000 00:00 0 
7f960d9cc000-7f960dac9000 rw-p 00000000 00:00 0 
7f960dac9000-7f960dacb000 r-xp 00000000 08:01 2373016                    /usr/lib/jvm/java-11-openjdk-amd64/lib/libextnet.so
7f960dacb000-7f960dcca000 ---p 00002000 08:01 2373016                    /usr/lib/jvm/java-11-openjdk-amd64/lib/libextnet.so
7f960dcca000-7f960dccb000 r--p 00001000 08:01 2373016                    /usr/lib/jvm/java-11-openjdk-amd64/lib/libextnet.so
7f960dccb000-7f960dccc000 rw-p 00002000 08:01 2373016                    /usr/lib/jvm/java-11-openjdk-amd64/lib/libextnet.so
7f960dccc000-7f960dccd000 ---p 00000000 00:00 0 
7f960dccd000-7f960ddce000 rw-p 00000000 00:00 0 
7f960ddce000-7f960ddcf000 ---p 00000000 00:00 0 
7f960ddcf000-7f960ded0000 rw-p 00000000 00:00 0 
7f960ded0000-7f960ded5000 r-xp 00000000 08:01 2375577                    /usr/lib/jvm/java-11-openjdk-amd64/lib/libmanagement_ext.so
7f960ded5000-7f960e0d4000 ---p 00005000 08:01 2375577                    /usr/lib/jvm/java-11-openjdk-amd64/lib/libmanagement_ext.so
7f960e0d4000-7f960e0d5000 r--p 00004000 08:01 2375577                    /usr/lib/jvm/java-11-openjdk-amd64/lib/libmanagement_ext.so
7f960e0d5000-7f960e0d6000 rw-p 00005000 08:01 2375577                    /usr/lib/jvm/java-11-openjdk-amd64/lib/libmanagement_ext.so
7f960e0d6000-7f960e0da000 r-xp 00000000 08:01 2375575                    /usr/lib/jvm/java-11-openjdk-amd64/lib/libmanagement.so
7f960e0da000-7f960e2d9000 ---p 00004000 08:01 2375575                    /usr/lib/jvm/java-11-openjdk-amd64/lib/libmanagement.so
7f960e2d9000-7f960e2da000 r--p 00003000 08:01 2375575                    /usr/lib/jvm/java-11-openjdk-amd64/lib/libmanagement.so
7f960e2da000-7f960e2db000 rw-p 00004000 08:01 2375575                    /usr/lib/jvm/java-11-openjdk-amd64/lib/libmanagement.so
7f960e2db000-7f960e2df000 ---p 00000000 00:00 0 
7f960e2df000-7f960e3dc000 rw-p 00000000 00:00 0 
7f960e3dc000-7f960e3f2000 r-xp 00000000 08:01 2375579                    /usr/lib/jvm/java-11-openjdk-amd64/lib/libnet.so
7f960e3f2000-7f960e5f1000 ---p 00016000 08:01 2375579                    /usr/lib/jvm/java-11-openjdk-amd64/lib/libnet.so
7f960e5f1000-7f960e5f2000 r--p 00015000 08:01 2375579                    /usr/lib/jvm/java-11-openjdk-amd64/lib/libnet.so
7f960e5f2000-7f960e5f3000 rw-p 00016000 08:01 2375579                    /usr/lib/jvm/java-11-openjdk-amd64/lib/libnet.so
7f960e5f3000-7f960e603000 r-xp 00000000 08:01 2375580                    /usr/lib/jvm/java-11-openjdk-amd64/lib/libnio.so
7f960e603000-7f960e802000 ---p 00010000 08:01 2375580                    /usr/lib/jvm/java-11-openjdk-amd64/lib/libnio.so
7f960e802000-7f960e803000 r--p 0000f000 08:01 2375580                    /usr/lib/jvm/java-11-openjdk-amd64/lib/libnio.so
7f960e803000-7f960e804000 rw-p 00010000 08:01 2375580                    /usr/lib/jvm/java-11-openjdk-amd64/lib/libnio.so
7f960e804000-7f960e808000 ---p 00000000 00:00 0 
7f960e808000-7f960e905000 rw-p 00000000 00:00 0 
7f960e905000-7f960e909000 ---p 00000000 00:00 0 
7f960e909000-7f960ea06000 rw-p 00000000 00:00 0 
7f960ea06000-7f960ea0a000 ---p 00000000 00:00 0 
7f960ea0a000-7f960eb07000 rw-p 00000000 00:00 0 
7f960eb07000-7f960eb0b000 r-xp 00000000 08:01 2373015                    /usr/lib/jvm/java-11-openjdk-amd64/lib/libdt_socket.so
7f960eb0b000-7f960ed0b000 ---p 00004000 08:01 2373015                    /usr/lib/jvm/java-11-openjdk-amd64/lib/libdt_socket.so
7f960ed0b000-7f960ed0c000 r--p 00004000 08:01 2373015                    /usr/lib/jvm/java-11-openjdk-amd64/lib/libdt_socket.so
7f960ed0c000-7f960ed0d000 rw-p 00005000 08:01 2373015                    /usr/lib/jvm/java-11-openjdk-amd64/lib/libdt_socket.so
7f960ed0d000-7f960ed11000 ---p 00000000 00:00 0 
7f960ed11000-7f960ee0e000 rw-p 00000000 00:00 0 
7f960ee0e000-7f960ee12000 ---p 00000000 00:00 0 
7f960ee12000-7f960ef0f000 rw-p 00000000 00:00 0 
7f960ef0f000-7f960ef13000 ---p 00000000 00:00 0 
7f960ef13000-7f960f010000 rw-p 00000000 00:00 0 
7f960f010000-7f960f014000 ---p 00000000 00:00 0 
7f960f014000-7f960f111000 rw-p 00000000 00:00 0 
7f960f111000-7f960fdfe000 r--p 00000000 08:01 2365922                    /usr/lib/locale/locale-archive
7f960fdfe000-7f960fe02000 ---p 00000000 00:00 0 
7f960fe02000-7f960feff000 rw-p 00000000 00:00 0 
7f960feff000-7f960ff03000 ---p 00000000 00:00 0 
7f960ff03000-7f9610000000 rw-p 00000000 00:00 0 
7f9610000000-7f9610021000 rw-p 00000000 00:00 0 
7f9610021000-7f9614000000 ---p 00000000 00:00 0 
7f9614000000-7f9614032000 rw-p 00000000 00:00 0 
7f9614032000-7f9618000000 ---p 00000000 00:00 0 
7f9618000000-7f9618021000 rw-p 00000000 00:00 0 
7f9618021000-7f961c000000 ---p 00000000 00:00 0 
7f961c000000-7f961c021000 rw-p 00000000 00:00 0 
7f961c021000-7f9620000000 ---p 00000000 00:00 0 
7f9620000000-7f9620021000 rw-p 00000000 00:00 0 
7f9620021000-7f9624000000 ---p 00000000 00:00 0 
7f962402e000-7f962402f000 ---p 00000000 00:00 0 
7f962402f000-7f96263c0000 rw-p 00000000 00:00 0 
7f96263c0000-7f9627ff8000 ---p 00000000 00:00 0 
7f9627ff8000-7f9628000000 rw-p 00000000 00:00 0 
7f9628000000-7f9628021000 rw-p 00000000 00:00 0 
7f9628021000-7f962c000000 ---p 00000000 00:00 0 
7f962c011000-7f962c892000 rw-p 00000000 00:00 0 
7f962c892000-7f962c893000 ---p 00000000 00:00 0 
7f962c893000-7f962c994000 rw-p 00000000 00:00 0 
7f962c994000-7f962c995000 ---p 00000000 00:00 0 
7f962c995000-7f962ce9a000 rw-p 00000000 00:00 0 
7f962ce9a000-7f962ce9b000 ---p 00000000 00:00 0 
7f962ce9b000-7f962cf9c000 rw-p 00000000 00:00 0 
7f962cf9c000-7f962cf9d000 ---p 00000000 00:00 0 
7f962cf9d000-7f962d32e000 rw-p 00000000 00:00 0 
7f962d32e000-7f962ef66000 ---p 00000000 00:00 0 
7f962ef66000-7f962efc0000 rw-p 00000000 00:00 0 
7f962efc0000-7f962f347000 ---p 00000000 00:00 0 
7f962f347000-7f962f39a000 rw-p 00000000 00:00 0 
7f962f39a000-7f962f721000 ---p 00000000 00:00 0 
7f962f721000-7f962f774000 rw-p 00000000 00:00 0 
7f962f774000-7f962fafb000 ---p 00000000 00:00 0 
7f962fafb000-7f962ff0b000 rw-p 00000000 00:00 0 
7f962ff0b000-7f96300d3000 ---p 00000000 00:00 0 
7f96300d3000-7f9630343000 rwxp 00000000 00:00 0 
7f9630343000-7f963077a000 ---p 00000000 00:00 0 
7f963077a000-7f9630c8a000 rwxp 00000000 00:00 0 
7f9630c8a000-7f963f0d3000 ---p 00000000 00:00 0 
7f963f0d3000-7f96477c6000 r--s 00000000 08:01 2375589                    /usr/lib/jvm/java-11-openjdk-amd64/lib/modules
7f96477c6000-7f96477cb000 r-xp 00000000 08:01 2375571                    /usr/lib/jvm/java-11-openjdk-amd64/lib/libjimage.so
7f96477cb000-7f96479ca000 ---p 00005000 08:01 2375571                    /usr/lib/jvm/java-11-openjdk-amd64/lib/libjimage.so
7f96479ca000-7f96479cb000 r--p 00004000 08:01 2375571                    /usr/lib/jvm/java-11-openjdk-amd64/lib/libjimage.so
7f96479cb000-7f96479cc000 rw-p 00005000 08:01 2375571                    /usr/lib/jvm/java-11-openjdk-amd64/lib/libjimage.so
7f96479cc000-7f96479d3000 r-xp 00000000 08:01 2375588                    /usr/lib/jvm/java-11-openjdk-amd64/lib/libzip.so
7f96479d3000-7f9647bd2000 ---p 00007000 08:01 2375588                    /usr/lib/jvm/java-11-openjdk-amd64/lib/libzip.so
7f9647bd2000-7f9647bd3000 r--p 00006000 08:01 2375588                    /usr/lib/jvm/java-11-openjdk-amd64/lib/libzip.so
7f9647bd3000-7f9647bd4000 rw-p 00007000 08:01 2375588                    /usr/lib/jvm/java-11-openjdk-amd64/lib/libzip.so
7f9647bd4000-7f9647bdf000 r-xp 00000000 08:01 4330797                    /lib/x86_64-linux-gnu/libnss_files-2.27.so
7f9647bdf000-7f9647dde000 ---p 0000b000 08:01 4330797                    /lib/x86_64-linux-gnu/libnss_files-2.27.so
7f9647dde000-7f9647ddf000 r--p 0000a000 08:01 4330797                    /lib/x86_64-linux-gnu/libnss_files-2.27.so
7f9647ddf000-7f9647de0000 rw-p 0000b000 08:01 4330797                    /lib/x86_64-linux-gnu/libnss_files-2.27.so
7f9647de0000-7f9647de6000 rw-p 00000000 00:00 0 
7f9647de6000-7f9647dfd000 r-xp 00000000 08:01 4330791                    /lib/x86_64-linux-gnu/libnsl-2.27.so
7f9647dfd000-7f9647ffc000 ---p 00017000 08:01 4330791                    /lib/x86_64-linux-gnu/libnsl-2.27.so
7f9647ffc000-7f9647ffd000 r--p 00016000 08:01 4330791                    /lib/x86_64-linux-gnu/libnsl-2.27.so
7f9647ffd000-7f9647ffe000 rw-p 00017000 08:01 4330791                    /lib/x86_64-linux-gnu/libnsl-2.27.so
7f9647ffe000-7f9648000000 rw-p 00000000 00:00 0 
7f9648000000-7f9648965000 rw-p 00000000 00:00 0 
7f9648965000-7f964c000000 ---p 00000000 00:00 0 
7f964c01a000-7f964c01b000 ---p 00000000 00:00 0 
7f964c01b000-7f964c11c000 rw-p 00000000 00:00 0 
7f964c11c000-7f964c127000 r-xp 00000000 08:01 4330807                    /lib/x86_64-linux-gnu/libnss_nis-2.27.so
7f964c127000-7f964c326000 ---p 0000b000 08:01 4330807                    /lib/x86_64-linux-gnu/libnss_nis-2.27.so
7f964c326000-7f964c327000 r--p 0000a000 08:01 4330807                    /lib/x86_64-linux-gnu/libnss_nis-2.27.so
7f964c327000-7f964c328000 rw-p 0000b000 08:01 4330807                    /lib/x86_64-linux-gnu/libnss_nis-2.27.so
7f964c328000-7f964c330000 r-xp 00000000 08:01 4330793                    /lib/x86_64-linux-gnu/libnss_compat-2.27.so
7f964c330000-7f964c530000 ---p 00008000 08:01 4330793                    /lib/x86_64-linux-gnu/libnss_compat-2.27.so
7f964c530000-7f964c531000 r--p 00008000 08:01 4330793                    /lib/x86_64-linux-gnu/libnss_compat-2.27.so
7f964c531000-7f964c532000 rw-p 00009000 08:01 4330793                    /lib/x86_64-linux-gnu/libnss_compat-2.27.so
7f964c532000-7f964c53c000 r-xp 00000000 08:01 2373018                    /usr/lib/jvm/java-11-openjdk-amd64/lib/libinstrument.so
7f964c53c000-7f964c73b000 ---p 0000a000 08:01 2373018                    /usr/lib/jvm/java-11-openjdk-amd64/lib/libinstrument.so
7f964c73b000-7f964c73c000 r--p 00009000 08:01 2373018                    /usr/lib/jvm/java-11-openjdk-amd64/lib/libinstrument.so
7f964c73c000-7f964c73d000 rw-p 0000a000 08:01 2373018                    /usr/lib/jvm/java-11-openjdk-amd64/lib/libinstrument.so
7f964c73d000-7f964c779000 r-xp 00000000 08:01 2375570                    /usr/lib/jvm/java-11-openjdk-amd64/lib/libjdwp.so
7f964c779000-7f964c978000 ---p 0003c000 08:01 2375570                    /usr/lib/jvm/java-11-openjdk-amd64/lib/libjdwp.so
7f964c978000-7f964c979000 r--p 0003b000 08:01 2375570                    /usr/lib/jvm/java-11-openjdk-amd64/lib/libjdwp.so
7f964c979000-7f964c97a000 rw-p 0003c000 08:01 2375570                    /usr/lib/jvm/java-11-openjdk-amd64/lib/libjdwp.so
7f964c97a000-7f964c9a3000 r-xp 00000000 08:01 2375567                    /usr/lib/jvm/java-11-openjdk-amd64/lib/libjava.so
7f964c9a3000-7f964cba2000 ---p 00029000 08:01 2375567                    /usr/lib/jvm/java-11-openjdk-amd64/lib/libjava.so
7f964cba2000-7f964cba3000 r--p 00028000 08:01 2375567                    /usr/lib/jvm/java-11-openjdk-amd64/lib/libjava.so
7f964cba3000-7f964cba5000 rw-p 00029000 08:01 2375567                    /usr/lib/jvm/java-11-openjdk-amd64/lib/libjava.so
7f964cba5000-7f964cbb2000 r-xp 00000000 08:01 2375587                    /usr/lib/jvm/java-11-openjdk-amd64/lib/libverify.so
7f964cbb2000-7f964cdb1000 ---p 0000d000 08:01 2375587                    /usr/lib/jvm/java-11-openjdk-amd64/lib/libverify.so
7f964cdb1000-7f964cdb3000 r--p 0000c000 08:01 2375587                    /usr/lib/jvm/java-11-openjdk-amd64/lib/libverify.so
7f964cdb3000-7f964cdb4000 rw-p 0000e000 08:01 2375587                    /usr/lib/jvm/java-11-openjdk-amd64/lib/libverify.so
7f964cdb4000-7f964cdbb000 r-xp 00000000 08:01 4330847                    /lib/x86_64-linux-gnu/librt-2.27.so
7f964cdbb000-7f964cfba000 ---p 00007000 08:01 4330847                    /lib/x86_64-linux-gnu/librt-2.27.so
7f964cfba000-7f964cfbb000 r--p 00006000 08:01 4330847                    /lib/x86_64-linux-gnu/librt-2.27.so
7f964cfbb000-7f964cfbc000 rw-p 00007000 08:01 4330847                    /lib/x86_64-linux-gnu/librt-2.27.so
7f964cfbc000-7f964cfd3000 r-xp 00000000 08:01 4325382                    /lib/x86_64-linux-gnu/libgcc_s.so.1
7f964cfd3000-7f964d1d2000 ---p 00017000 08:01 4325382                    /lib/x86_64-linux-gnu/libgcc_s.so.1
7f964d1d2000-7f964d1d3000 r--p 00016000 08:01 4325382                    /lib/x86_64-linux-gnu/libgcc_s.so.1
7f964d1d3000-7f964d1d4000 rw-p 00017000 08:01 4325382                    /lib/x86_64-linux-gnu/libgcc_s.so.1
7f964d1d4000-7f964d371000 r-xp 00000000 08:01 4330770                    /lib/x86_64-linux-gnu/libm-2.27.so
7f964d371000-7f964d570000 ---p 0019d000 08:01 4330770                    /lib/x86_64-linux-gnu/libm-2.27.so
7f964d570000-7f964d571000 r--p 0019c000 08:01 4330770                    /lib/x86_64-linux-gnu/libm-2.27.so
7f964d571000-7f964d572000 rw-p 0019d000 08:01 4330770                    /lib/x86_64-linux-gnu/libm-2.27.so
7f964d572000-7f964d6eb000 r-xp 00000000 08:01 2359656                    /usr/lib/x86_64-linux-gnu/libstdc++.so.6.0.25
7f964d6eb000-7f964d8eb000 ---p 00179000 08:01 2359656                    /usr/lib/x86_64-linux-gnu/libstdc++.so.6.0.25
7f964d8eb000-7f964d8f5000 r--p 00179000 08:01 2359656                    /usr/lib/x86_64-linux-gnu/libstdc++.so.6.0.25
7f964d8f5000-7f964d8f7000 rw-p 00183000 08:01 2359656                    /usr/lib/x86_64-linux-gnu/libstdc++.so.6.0.25
7f964d8f7000-7f964d8fb000 rw-p 00000000 00:00 0 
7f964d8fb000-7f964e9d8000 r-xp 00000000 08:01 2375592                    /usr/lib/jvm/java-11-openjdk-amd64/lib/server/libjvm.so
7f964e9d8000-7f964ebd7000 ---p 010dd000 08:01 2375592                    /usr/lib/jvm/java-11-openjdk-amd64/lib/server/libjvm.so
7f964ebd7000-7f964ec94000 r--p 010dc000 08:01 2375592                    /usr/lib/jvm/java-11-openjdk-amd64/lib/server/libjvm.so
7f964ec94000-7f964ecce000 rw-p 01199000 08:01 2375592                    /usr/lib/jvm/java-11-openjdk-amd64/lib/server/libjvm.so
7f964ecce000-7f964ed24000 rw-p 00000000 00:00 0 
7f964ed24000-7f964ed3e000 r-xp 00000000 08:01 4330839                    /lib/x86_64-linux-gnu/libpthread-2.27.so
7f964ed3e000-7f964ef3d000 ---p 0001a000 08:01 4330839                    /lib/x86_64-linux-gnu/libpthread-2.27.so
7f964ef3d000-7f964ef3e000 r--p 00019000 08:01 4330839                    /lib/x86_64-linux-gnu/libpthread-2.27.so
7f964ef3e000-7f964ef3f000 rw-p 0001a000 08:01 4330839                    /lib/x86_64-linux-gnu/libpthread-2.27.so
7f964ef3f000-7f964ef43000 rw-p 00000000 00:00 0 
7f964ef43000-7f964ef46000 r-xp 00000000 08:01 4330730                    /lib/x86_64-linux-gnu/libdl-2.27.so
7f964ef46000-7f964f145000 ---p 00003000 08:01 4330730                    /lib/x86_64-linux-gnu/libdl-2.27.so
7f964f145000-7f964f146000 r--p 00002000 08:01 4330730                    /lib/x86_64-linux-gnu/libdl-2.27.so
7f964f146000-7f964f147000 rw-p 00003000 08:01 4330730                    /lib/x86_64-linux-gnu/libdl-2.27.so
7f964f147000-7f964f163000 r-xp 00000000 08:01 4330878                    /lib/x86_64-linux-gnu/libz.so.1.2.11
7f964f163000-7f964f362000 ---p 0001c000 08:01 4330878                    /lib/x86_64-linux-gnu/libz.so.1.2.11
7f964f362000-7f964f363000 r--p 0001b000 08:01 4330878                    /lib/x86_64-linux-gnu/libz.so.1.2.11
7f964f363000-7f964f364000 rw-p 0001c000 08:01 4330878                    /lib/x86_64-linux-gnu/libz.so.1.2.11
7f964f364000-7f964f54b000 r-xp 00000000 08:01 4330707                    /lib/x86_64-linux-gnu/libc-2.27.so
7f964f54b000-7f964f74b000 ---p 001e7000 08:01 4330707                    /lib/x86_64-linux-gnu/libc-2.27.so
7f964f74b000-7f964f74f000 r--p 001e7000 08:01 4330707                    /lib/x86_64-linux-gnu/libc-2.27.so
7f964f74f000-7f964f751000 rw-p 001eb000 08:01 4330707                    /lib/x86_64-linux-gnu/libc-2.27.so
7f964f751000-7f964f755000 rw-p 00000000 00:00 0 
7f964f755000-7f964f765000 r-xp 00000000 08:01 2373007                    /usr/lib/jvm/java-11-openjdk-amd64/lib/jli/libjli.so
7f964f765000-7f964f964000 ---p 00010000 08:01 2373007                    /usr/lib/jvm/java-11-openjdk-amd64/lib/jli/libjli.so
7f964f964000-7f964f965000 r--p 0000f000 08:01 2373007                    /usr/lib/jvm/java-11-openjdk-amd64/lib/jli/libjli.so
7f964f965000-7f964f966000 rw-p 00010000 08:01 2373007                    /usr/lib/jvm/java-11-openjdk-amd64/lib/jli/libjli.so
7f964f966000-7f964f98d000 r-xp 00000000 08:01 4330679                    /lib/x86_64-linux-gnu/ld-2.27.so
7f964f999000-7f964f9c9000 r--p 00000000 08:01 2760783                    /usr/share/locale-langpack/ru/LC_MESSAGES/libc.mo
7f964f9c9000-7f964f9ca000 r--s 00002000 07:0b 3407                       /snap/intellij-idea-ultimate/222/plugins/java/lib/rt/debugger-agent-storage.jar
7f964f9ca000-7f964f9d1000 r--s 00000000 08:01 2495639                    /usr/lib/x86_64-linux-gnu/gconv/gconv-modules.cache
7f964f9d1000-7f964fa6e000 rw-p 00000000 00:00 0 
7f964fa6e000-7f964fa72000 ---p 00000000 00:00 0 
7f964fa72000-7f964fb76000 rw-p 00000000 00:00 0 
7f964fb76000-7f964fb7f000 ---p 00000000 00:00 0 
7f964fb7f000-7f964fb81000 r--s 00007000 08:01 2632135                    /usr/share/java/java-atk-wrapper.jar
7f964fb81000-7f964fb89000 rw-s 00000000 08:01 1835111                    /tmp/hsperfdata_grave13/14454
7f964fb89000-7f964fb8a000 ---p 00000000 00:00 0 
7f964fb8a000-7f964fb8b000 r--p 00000000 00:00 0 
7f964fb8b000-7f964fb8d000 rw-p 00000000 00:00 0 
7f964fb8d000-7f964fb8e000 r--p 00027000 08:01 4330679                    /lib/x86_64-linux-gnu/ld-2.27.so
7f964fb8e000-7f964fb8f000 rw-p 00028000 08:01 4330679                    /lib/x86_64-linux-gnu/ld-2.27.so
7f964fb8f000-7f964fb90000 rw-p 00000000 00:00 0 
7fff45160000-7fff45184000 rw-p 00000000 00:00 0                          [stack]
7fff451af000-7fff451b2000 r--p 00000000 00:00 0                          [vvar]
7fff451b2000-7fff451b3000 r-xp 00000000 00:00 0                          [vdso]
ffffffffff600000-ffffffffff601000 --xp 00000000 00:00 0                  [vsyscall]


VM Arguments:
jvm_args: -agentlib:jdwp=transport=dt_socket,address=127.0.0.1:49813,suspend=y,server=n -XX:TieredStopAtLevel=1 -Xverify:none -Dspring.output.ansi.enabled=always -Dcom.sun.management.jmxremote -Dspring.jmx.enabled=true -Dspring.liveBeansView.mbeanDomain -Dspring.application.admin.enabled=true -javaagent:/snap/intellij-idea-ultimate/222/plugins/java/lib/rt/debugger-agent.jar -Dfile.encoding=UTF-8 
java_command: com.stocks.dev.stocks.StocksApplication
java_class_path (initial): /home/grave13/forAnyTest/stocks/target/classes:/home/grave13/.m2/repository/org/springframework/boot/spring-boot-starter-data-jpa/2.3.0.RELEASE/spring-boot-starter-data-jpa-2.3.0.RELEASE.jar:/home/grave13/.m2/repository/org/springframework/boot/spring-boot-starter-aop/2.3.0.RELEASE/spring-boot-starter-aop-2.3.0.RELEASE.jar:/home/grave13/.m2/repository/org/springframework/spring-aop/5.2.6.RELEASE/spring-aop-5.2.6.RELEASE.jar:/home/grave13/.m2/repository/org/aspectj/aspectjweaver/1.9.5/aspectjweaver-1.9.5.jar:/home/grave13/.m2/repository/org/springframework/boot/spring-boot-starter-jdbc/2.3.0.RELEASE/spring-boot-starter-jdbc-2.3.0.RELEASE.jar:/home/grave13/.m2/repository/com/zaxxer/HikariCP/3.4.5/HikariCP-3.4.5.jar:/home/grave13/.m2/repository/org/springframework/spring-jdbc/5.2.6.RELEASE/spring-jdbc-5.2.6.RELEASE.jar:/home/grave13/.m2/repository/jakarta/transaction/jakarta.transaction-api/1.3.3/jakarta.transaction-api-1.3.3.jar:/home/grave13/.m2/repository/jakarta/persistence/jakarta.persistence-api/2.2.3/jakarta.persistence-api-2.2.3.jar:/home/grave13/.m2/repository/org/hibernate/hibernate-core/5.4.15.Final/hibernate-core-5.4.15.Final.jar:/home/grave13/.m2/repository/org/jboss/logging/jboss-logging/3.4.1.Final/jboss-logging-3.4.1.Final.jar:/home/grave13/.m2/repository/org/javassist/javassist/3.24.0-GA/javassist-3.24.0-GA.jar:/home/grave13/.m2/repository/net/bytebuddy/byte-buddy/1.10.10/byte-buddy-1.10.10.jar:/home/grave13/.m2/repository/antlr/antlr/2.7.7/antlr-2.7.7.jar:/home/grave13/.m2/repository/org/jboss/jandex/2.1.3.Final/jandex-2.1.3.Final.jar:/home/grave13/.m2/repository/com/fasterxml/classmate/1.5.1/classmate-1.5.1.jar:/home/grave13/.m2/repository/org/dom4j/dom4j/2.1.3/dom4j-2.1.3.jar:/home/grave13/.m2/repository/org/hibernate/common/hibernate-commons-annotations/5.1.0.Final/hibernate-commons-annotations-5.1.0.Final.jar:/home/grave13/.m2/repository/org/glassfish/jaxb/jaxb-runtime/2.3.3/jaxb-runtime-2.3.3.jar:/home/grave13/.m2/rep
Launcher Type: SUN_STANDARD

[Global flags]
     bool BytecodeVerificationLocal                = false                                     {product} {command line}
     bool BytecodeVerificationRemote               = false                                     {product} {command line}
     intx CICompilerCount                          = 3                                         {product} {ergonomic}
     uint ConcGCThreads                            = 1                                         {product} {ergonomic}
     uint G1ConcRefinementThreads                  = 4                                         {product} {ergonomic}
   size_t G1HeapRegionSize                         = 1048576                                   {product} {ergonomic}
    uintx GCDrainStackTargetSize                   = 64                                        {product} {ergonomic}
   size_t InitialHeapSize                          = 130023424                                 {product} {ergonomic}
     bool ManagementServer                         = true                                      {product} {command line}
   size_t MarkStackSize                            = 4194304                                   {product} {ergonomic}
   size_t MaxHeapSize                              = 2067791872                                {product} {ergonomic}
   size_t MaxNewSize                               = 1240465408                                {product} {ergonomic}
   size_t MinHeapDeltaBytes                        = 1048576                                   {product} {ergonomic}
    uintx NonNMethodCodeHeapSize                   = 6973028                                {pd product} {ergonomic}
    uintx NonProfiledCodeHeapSize                  = 244685212                              {pd product} {ergonomic}
    uintx ProfiledCodeHeapSize                     = 0                                      {pd product} {ergonomic}
    uintx ReservedCodeCacheSize                    = 251658240                              {pd product} {ergonomic}
     bool SegmentedCodeCache                       = true                                      {product} {ergonomic}
     intx TieredStopAtLevel                        = 1                                         {product} {command line}
     bool UseCompressedClassPointers               = true                                 {lp64_product} {ergonomic}
     bool UseCompressedOops                        = true                                 {lp64_product} {ergonomic}
     bool UseG1GC                                  = true                                      {product} {ergonomic}

Logging:
Log output configuration:
 #0: stdout all=warning uptime,level,tags
 #1: stderr all=off uptime,level,tags

Environment Variables:
JAVA_HOME=/usr/lib/jvm/jdk1.7.0_80_x64
PATH=/usr/local/sbin:/usr/local/bin:/usr/sbin:/usr/bin:/sbin:/bin:/usr/games:/usr/local/games:/snap/bin
SHELL=/bin/zsh
DISPLAY=:0.0

Signal Handlers:
SIGSEGV: [libjvm.so+0xdf8d00], sa_mask[0]=11111111011111111101111111111110, sa_flags=SA_RESTART|SA_SIGINFO
SIGBUS: [libjvm.so+0xdf8d00], sa_mask[0]=11111111011111111101111111111110, sa_flags=SA_RESTART|SA_SIGINFO
SIGFPE: [libjvm.so+0xdf8d00], sa_mask[0]=11111111011111111101111111111110, sa_flags=SA_RESTART|SA_SIGINFO
SIGPIPE: [libjvm.so+0xbcbc30], sa_mask[0]=11111111011111111101111111111110, sa_flags=SA_RESTART|SA_SIGINFO
SIGXFSZ: [libjvm.so+0xbcbc30], sa_mask[0]=11111111011111111101111111111110, sa_flags=SA_RESTART|SA_SIGINFO
SIGILL: [libjvm.so+0xdf8d00], sa_mask[0]=11111111011111111101111111111110, sa_flags=SA_RESTART|SA_SIGINFO
SIGUSR2: [libjvm.so+0xbcbad0], sa_mask[0]=00100000000000000000000000000000, sa_flags=SA_RESTART|SA_SIGINFO
SIGHUP: [libjvm.so+0xbcbe30], sa_mask[0]=11111111011111111101111111111110, sa_flags=SA_RESTART|SA_SIGINFO
SIGINT: [libjvm.so+0xbcbe30], sa_mask[0]=11111111011111111101111111111110, sa_flags=SA_RESTART|SA_SIGINFO
SIGTERM: [libjvm.so+0xbcbe30], sa_mask[0]=11111111011111111101111111111110, sa_flags=SA_RESTART|SA_SIGINFO
SIGQUIT: [libjvm.so+0xbcbe30], sa_mask[0]=11111111011111111101111111111110, sa_flags=SA_RESTART|SA_SIGINFO


---------------  S Y S T E M  ---------------

OS:DISTRIB_ID=Ubuntu
DISTRIB_RELEASE=18.04
DISTRIB_CODENAME=bionic
DISTRIB_DESCRIPTION="Ubuntu 18.04.4 LTS"
uname:Linux 5.3.0-53-generic #47~18.04.1-Ubuntu SMP Thu May 7 13:10:50 UTC 2020 x86_64
OS uptime: 0 days 2:48 hours
libc:glibc 2.27 NPTL 2.27 
rlimit: STACK 8192k, CORE 0k, NPROC 31336, NOFILE 1048576, AS infinity, CPU infinity, DATA infinity, FSIZE infinity
load average:0,92 0,98 0,92

/proc/meminfo:
MemTotal:        8070964 kB
MemFree:          372948 kB
MemAvailable:    2809068 kB
Buffers:          456424 kB
Cached:          2323312 kB
SwapCached:          448 kB
Active:          5283020 kB
Inactive:        1839900 kB
Active(anon):    3834996 kB
Inactive(anon):   712628 kB
Active(file):    1448024 kB
Inactive(file):  1127272 kB
Unevictable:         704 kB
Mlocked:              80 kB
SwapTotal:       2097148 kB
SwapFree:        2093296 kB
Dirty:               472 kB
Writeback:             0 kB
AnonPages:       4343560 kB
Mapped:           940864 kB
Shmem:            208036 kB
KReclaimable:     168524 kB
Slab:             283184 kB
SReclaimable:     168524 kB
SUnreclaim:       114660 kB
KernelStack:       15216 kB
PageTables:        68484 kB
NFS_Unstable:          0 kB
Bounce:                0 kB
WritebackTmp:          0 kB
CommitLimit:     6132628 kB
Committed_AS:   11693440 kB
VmallocTotal:   34359738367 kB
VmallocUsed:       64000 kB
VmallocChunk:          0 kB
Percpu:             3040 kB
HardwareCorrupted:     0 kB
AnonHugePages:         0 kB
ShmemHugePages:        0 kB
ShmemPmdMapped:        0 kB
CmaTotal:              0 kB
CmaFree:               0 kB
HugePages_Total:       0
HugePages_Free:        0
HugePages_Rsvd:        0
HugePages_Surp:        0
Hugepagesize:       2048 kB
Hugetlb:               0 kB
DirectMap4k:      452540 kB
DirectMap2M:     7854080 kB
DirectMap1G:     1048576 kB


/proc/sys/kernel/threads-max (system-wide limit on the number of threads):
62673


/proc/sys/vm/max_map_count (maximum number of memory map areas a process may have):
65530


/proc/sys/kernel/pid_max (system-wide limit on number of process identifiers):
32768



container (cgroup) information:
container_type: cgroupv1
cpu_cpuset_cpus: 0-3
cpu_memory_nodes: 0
active_processor_count: 4
cpu_quota: -1
cpu_period: 100000
cpu_shares: -1
memory_limit_in_bytes: -1
memory_and_swap_limit_in_bytes: -2
memory_soft_limit_in_bytes: -1
memory_usage_in_bytes: 5844664320
memory_max_usage_in_bytes: 6080622592

Steal ticks since vm start: 0
Steal ticks percentage since vm start:  0,000

CPU:total 4 (initial active 4) (2 cores per cpu, 2 threads per core) family 6 model 61 stepping 4, cmov, cx8, fxsr, mmx, sse, sse2, sse3, ssse3, sse4.1, sse4.2, popcnt, avx, avx2, aes, clmul, erms, 3dnowpref, lzcnt, ht, tsc, tscinvbit, bmi1, bmi2, adx, fma
CPU Model and flags from /proc/cpuinfo:
model name	: Intel(R) Core(TM) i7-5500U CPU @ 2.40GHz
flags		: fpu vme de pse tsc msr pae mce cx8 apic sep mtrr pge mca cmov pat pse36 clflush dts acpi mmx fxsr sse sse2 ss ht tm pbe syscall nx pdpe1gb rdtscp lm constant_tsc arch_perfmon pebs bts rep_good nopl xtopology nonstop_tsc cpuid aperfmperf pni pclmulqdq dtes64 monitor ds_cpl vmx est tm2 ssse3 sdbg fma cx16 xtpr pdcm pcid sse4_1 sse4_2 x2apic movbe popcnt tsc_deadline_timer aes xsave avx f16c rdrand lahf_lm abm 3dnowprefetch cpuid_fault epb invpcid_single pti ssbd ibrs ibpb stibp tpr_shadow vnmi flexpriority ept vpid ept_ad fsgsbase tsc_adjust bmi1 avx2 smep bmi2 erms invpcid rdseed adx smap intel_pt xsaveopt dtherm ida arat pln pts md_clear flush_l1d

Memory: 4k page, physical 8070964k(372948k free), swap 2097148k(2093296k free)

vm_info: OpenJDK 64-Bit Server VM (11.0.7+10-post-Ubuntu-2ubuntu218.04) for linux-amd64 JRE (11.0.7+10-post-Ubuntu-2ubuntu218.04), built on Apr 15 2020 21:12:54 by "unknown" with gcc 7.5.0

END.
